<?xml version="1.0" encoding="UTF-8" standalone="yes"?><!DOCTYPE report PUBLIC "-//JACOCO//DTD Report 1.1//EN" "report.dtd"><report name="greenet"><sessioninfo id="LAPTOP-9S4CP45D-430456c0" start="1762979374963" dump="1762979397759"/><package name="com/greenet/service"><class name="com/greenet/service/UsuarioService" sourcefilename="UsuarioService.java"><method name="&lt;init&gt;" desc="()V" line="15"><counter type="INSTRUCTION" missed="3" covered="0"/><counter type="LINE" missed="1" covered="0"/><counter type="COMPLEXITY" missed="1" covered="0"/><counter type="METHOD" missed="1" covered="0"/></method><method name="registrarUsuario" desc="(Ljava/lang/String;Ljava/lang/String;Ljava/lang/String;Ljava/lang/String;Ljava/lang/String;Ljava/lang/String;Ljava/lang/String;Ljava/lang/String;Ljava/lang/String;Ljava/lang/String;)I" line="35"><counter type="INSTRUCTION" missed="162" covered="0"/><counter type="BRANCH" missed="19" covered="0"/><counter type="LINE" missed="44" covered="0"/><counter type="COMPLEXITY" missed="12" covered="0"/><counter type="METHOD" missed="1" covered="0"/></method><method name="iniciarSesion" desc="(Ljava/lang/String;Ljava/lang/String;)I" line="119"><counter type="INSTRUCTION" missed="107" covered="0"/><counter type="BRANCH" missed="18" covered="0"/><counter type="LINE" missed="26" covered="0"/><counter type="COMPLEXITY" missed="10" covered="0"/><counter type="METHOD" missed="1" covered="0"/></method><method name="cerrarSesion" desc="(I)I" line="172"><counter type="INSTRUCTION" missed="29" covered="34"/><counter type="BRANCH" missed="4" covered="4"/><counter type="LINE" missed="8" covered="9"/><counter type="COMPLEXITY" missed="4" covered="1"/><counter type="METHOD" missed="0" covered="1"/></method><method name="actualizarCorreo" desc="(ILjava/lang/String;)I" line="207"><counter type="INSTRUCTION" missed="130" covered="0"/><counter type="BRANCH" missed="22" covered="0"/><counter type="LINE" missed="32" covered="0"/><counter type="COMPLEXITY" missed="12" covered="0"/><counter type="METHOD" missed="1" covered="0"/></method><method name="bloquearUsuario" desc="(I)Z" line="267"><counter type="INSTRUCTION" missed="45" covered="0"/><counter type="BRANCH" missed="6" covered="0"/><counter type="LINE" missed="13" covered="0"/><counter type="COMPLEXITY" missed="4" covered="0"/><counter type="METHOD" missed="1" covered="0"/></method><method name="hashSHA256" desc="(Ljava/lang/String;)[B" line="292"><counter type="INSTRUCTION" missed="16" covered="0"/><counter type="LINE" missed="4" covered="0"/><counter type="COMPLEXITY" missed="1" covered="0"/><counter type="METHOD" missed="1" covered="0"/></method><method name="VerificarAdmin" desc="(I)Ljava/lang/Boolean;" line="299"><counter type="INSTRUCTION" missed="45" covered="0"/><counter type="BRANCH" missed="6" covered="0"/><counter type="LINE" missed="11" covered="0"/><counter type="COMPLEXITY" missed="4" covered="0"/><counter type="METHOD" missed="1" covered="0"/></method><method name="obtenerAdmins" desc="()Ljava/util/List;" line="319"><counter type="INSTRUCTION" missed="51" covered="0"/><counter type="BRANCH" missed="2" covered="0"/><counter type="LINE" missed="15" covered="0"/><counter type="COMPLEXITY" missed="2" covered="0"/><counter type="METHOD" missed="1" covered="0"/></method><method name="BuscarId" desc="(Ljava/lang/String;)I" line="342"><counter type="INSTRUCTION" missed="44" covered="0"/><counter type="BRANCH" missed="6" covered="0"/><counter type="LINE" missed="11" covered="0"/><counter type="COMPLEXITY" missed="4" covered="0"/><counter type="METHOD" missed="1" covered="0"/></method><method name="BuscarPublicadorId" desc="(Ljava/lang/String;)Ljava/lang/Integer;" line="362"><counter type="INSTRUCTION" missed="42" covered="0"/><counter type="BRANCH" missed="6" covered="0"/><counter type="LINE" missed="11" covered="0"/><counter type="COMPLEXITY" missed="4" covered="0"/><counter type="METHOD" missed="1" covered="0"/></method><method name="BuscarDescripcion" desc="(Ljava/lang/String;)Ljava/lang/String;" line="383"><counter type="INSTRUCTION" missed="41" covered="0"/><counter type="BRANCH" missed="6" covered="0"/><counter type="LINE" missed="11" covered="0"/><counter type="COMPLEXITY" missed="4" covered="0"/><counter type="METHOD" missed="1" covered="0"/></method><method name="BuscarNombrePorId" desc="(I)Ljava/lang/String;" line="402"><counter type="INSTRUCTION" missed="41" covered="0"/><counter type="BRANCH" missed="6" covered="0"/><counter type="LINE" missed="11" covered="0"/><counter type="COMPLEXITY" missed="4" covered="0"/><counter type="METHOD" missed="1" covered="0"/></method><method name="ConsultarProductosDisponibles" desc="()Ljava/util/List;" line="421"><counter type="INSTRUCTION" missed="169" covered="0"/><counter type="BRANCH" missed="12" covered="0"/><counter type="LINE" missed="46" covered="0"/><counter type="COMPLEXITY" missed="8" covered="0"/><counter type="METHOD" missed="1" covered="0"/></method><method name="obtenerUsuariosRestringidos" desc="()Ljava/util/List;" line="515"><counter type="INSTRUCTION" missed="34" covered="0"/><counter type="BRANCH" missed="2" covered="0"/><counter type="LINE" missed="11" covered="0"/><counter type="COMPLEXITY" missed="2" covered="0"/><counter type="METHOD" missed="1" covered="0"/></method><method name="usuarios_bloqueados" desc="()I" line="534"><counter type="INSTRUCTION" missed="41" covered="0"/><counter type="BRANCH" missed="8" covered="0"/><counter type="LINE" missed="10" covered="0"/><counter type="COMPLEXITY" missed="5" covered="0"/><counter type="METHOD" missed="1" covered="0"/></method><counter type="INSTRUCTION" missed="1000" covered="34"/><counter type="BRANCH" missed="123" covered="4"/><counter type="LINE" missed="265" covered="9"/><counter type="COMPLEXITY" missed="81" covered="1"/><counter type="METHOD" missed="15" covered="1"/><counter type="CLASS" missed="0" covered="1"/></class><sourcefile name="UsuarioService.java"><line nr="15" mi="3" ci="0" mb="0" cb="0"/><line nr="35" mi="4" ci="0" mb="2" cb="0"/><line nr="36" mi="2" ci="0" mb="0" cb="0"/><line nr="41" mi="4" ci="0" mb="2" cb="0"/><line nr="42" mi="3" ci="0" mb="0" cb="0"/><line nr="43" mi="4" ci="0" mb="2" cb="0"/><line nr="44" mi="3" ci="0" mb="0" cb="0"/><line nr="46" mi="2" ci="0" mb="0" cb="0"/><line nr="51" mi="9" ci="0" mb="5" cb="0"/><line nr="52" mi="3" ci="0" mb="0" cb="0"/><line nr="53" mi="3" ci="0" mb="0" cb="0"/><line nr="54" mi="3" ci="0" mb="0" cb="0"/><line nr="55" mi="3" ci="0" mb="0" cb="0"/><line nr="57" mi="2" ci="0" mb="0" cb="0"/><line nr="61" mi="2" ci="0" mb="0" cb="0"/><line nr="64" mi="2" ci="0" mb="0" cb="0"/><line nr="65" mi="4" ci="0" mb="0" cb="0"/><line nr="66" mi="4" ci="0" mb="0" cb="0"/><line nr="67" mi="3" ci="0" mb="0" cb="0"/><line nr="68" mi="7" ci="0" mb="4" cb="0"/><line nr="69" mi="4" ci="0" mb="0" cb="0"/><line nr="71" mi="4" ci="0" mb="2" cb="0"/><line nr="74" mi="3" ci="0" mb="0" cb="0"/><line nr="75" mi="3" ci="0" mb="0" cb="0"/><line nr="78" mi="2" ci="0" mb="0" cb="0"/><line nr="84" mi="4" ci="0" mb="0" cb="0"/><line nr="85" mi="4" ci="0" mb="0" cb="0"/><line nr="86" mi="4" ci="0" mb="0" cb="0"/><line nr="87" mi="5" ci="0" mb="0" cb="0"/><line nr="88" mi="4" ci="0" mb="0" cb="0"/><line nr="89" mi="4" ci="0" mb="0" cb="0"/><line nr="90" mi="4" ci="0" mb="0" cb="0"/><line nr="91" mi="4" ci="0" mb="0" cb="0"/><line nr="92" mi="4" ci="0" mb="0" cb="0"/><line nr="93" mi="4" ci="0" mb="0" cb="0"/><line nr="94" mi="4" ci="0" mb="0" cb="0"/><line nr="96" mi="3" ci="0" mb="0" cb="0"/><line nr="99" mi="5" ci="0" mb="0" cb="0"/><line nr="100" mi="4" ci="0" mb="0" cb="0"/><line nr="101" mi="4" ci="0" mb="0" cb="0"/><line nr="104" mi="4" ci="0" mb="0" cb="0"/><line nr="106" mi="5" ci="0" mb="2" cb="0"/><line nr="107" mi="5" ci="0" mb="0" cb="0"/><line nr="108" mi="2" ci="0" mb="0" cb="0"/><line nr="109" mi="2" ci="0" mb="0" cb="0"/><line nr="119" mi="2" ci="0" mb="0" cb="0"/><line nr="122" mi="2" ci="0" mb="0" cb="0"/><line nr="124" mi="4" ci="0" mb="0" cb="0"/><line nr="125" mi="4" ci="0" mb="0" cb="0"/><line nr="126" mi="3" ci="0" mb="0" cb="0"/><line nr="128" mi="3" ci="0" mb="2" cb="0"/><line nr="129" mi="4" ci="0" mb="0" cb="0"/><line nr="132" mi="4" ci="0" mb="0" cb="0"/><line nr="133" mi="4" ci="0" mb="0" cb="0"/><line nr="134" mi="4" ci="0" mb="0" cb="0"/><line nr="137" mi="3" ci="0" mb="2" cb="0"/><line nr="138" mi="4" ci="0" mb="0" cb="0"/><line nr="142" mi="3" ci="0" mb="0" cb="0"/><line nr="144" mi="4" ci="0" mb="2" cb="0"/><line nr="145" mi="4" ci="0" mb="0" cb="0"/><line nr="149" mi="2" ci="0" mb="0" cb="0"/><line nr="150" mi="4" ci="0" mb="0" cb="0"/><line nr="151" mi="4" ci="0" mb="0" cb="0"/><line nr="152" mi="3" ci="0" mb="0" cb="0"/><line nr="155" mi="4" ci="0" mb="0" cb="0"/><line nr="156" mi="4" ci="0" mb="0" cb="0"/><line nr="157" mi="12" ci="0" mb="6" cb="0"/><line nr="159" mi="13" ci="0" mb="6" cb="0"/><line nr="160" mi="5" ci="0" mb="0" cb="0"/><line nr="161" mi="2" ci="0" mb="0" cb="0"/><line nr="162" mi="2" ci="0" mb="0" cb="0"/><line nr="172" mi="0" ci="2" mb="0" cb="0"/><line nr="175" mi="0" ci="2" mb="0" cb="0"/><line nr="176" mi="0" ci="4" mb="0" cb="0"/><line nr="177" mi="0" ci="4" mb="0" cb="0"/><line nr="178" mi="0" ci="3" mb="0" cb="0"/><line nr="180" mi="0" ci="7" mb="2" cb="2"/><line nr="181" mi="0" ci="4" mb="0" cb="0"/><line nr="183" mi="0" ci="4" mb="1" cb="1"/><line nr="186" mi="2" ci="0" mb="0" cb="0"/><line nr="187" mi="4" ci="0" mb="0" cb="0"/><line nr="188" mi="4" ci="0" mb="0" cb="0"/><line nr="189" mi="3" ci="0" mb="0" cb="0"/><line nr="192" mi="4" ci="0" mb="0" cb="0"/><line nr="193" mi="4" ci="0" mb="0" cb="0"/><line nr="195" mi="1" ci="4" mb="1" cb="1"/><line nr="196" mi="5" ci="0" mb="0" cb="0"/><line nr="197" mi="2" ci="0" mb="0" cb="0"/><line nr="207" mi="2" ci="0" mb="0" cb="0"/><line nr="210" mi="2" ci="0" mb="0" cb="0"/><line nr="211" mi="2" ci="0" mb="0" cb="0"/><line nr="213" mi="4" ci="0" mb="0" cb="0"/><line nr="214" mi="4" ci="0" mb="0" cb="0"/><line nr="215" mi="3" ci="0" mb="0" cb="0"/><line nr="217" mi="3" ci="0" mb="2" cb="0"/><line nr="218" mi="5" ci="0" mb="0" cb="0"/><line nr="220" mi="4" ci="0" mb="0" cb="0"/><line nr="222" mi="4" ci="0" mb="2" cb="0"/><line nr="225" mi="4" ci="0" mb="2" cb="0"/><line nr="226" mi="4" ci="0" mb="0" cb="0"/><line nr="230" mi="4" ci="0" mb="2" cb="0"/><line nr="231" mi="4" ci="0" mb="0" cb="0"/><line nr="235" mi="2" ci="0" mb="0" cb="0"/><line nr="236" mi="4" ci="0" mb="0" cb="0"/><line nr="237" mi="4" ci="0" mb="0" cb="0"/><line nr="238" mi="4" ci="0" mb="0" cb="0"/><line nr="239" mi="3" ci="0" mb="0" cb="0"/><line nr="241" mi="7" ci="0" mb="4" cb="0"/><line nr="242" mi="4" ci="0" mb="0" cb="0"/><line nr="244" mi="4" ci="0" mb="2" cb="0"/><line nr="247" mi="2" ci="0" mb="0" cb="0"/><line nr="248" mi="4" ci="0" mb="0" cb="0"/><line nr="249" mi="4" ci="0" mb="0" cb="0"/><line nr="250" mi="4" ci="0" mb="0" cb="0"/><line nr="251" mi="3" ci="0" mb="0" cb="0"/><line nr="254" mi="4" ci="0" mb="0" cb="0"/><line nr="255" mi="4" ci="0" mb="0" cb="0"/><line nr="257" mi="17" ci="0" mb="8" cb="0"/><line nr="258" mi="5" ci="0" mb="0" cb="0"/><line nr="259" mi="2" ci="0" mb="0" cb="0"/><line nr="267" mi="2" ci="0" mb="0" cb="0"/><line nr="269" mi="2" ci="0" mb="0" cb="0"/><line nr="270" mi="4" ci="0" mb="0" cb="0"/><line nr="271" mi="4" ci="0" mb="0" cb="0"/><line nr="272" mi="3" ci="0" mb="0" cb="0"/><line nr="274" mi="2" ci="0" mb="2" cb="0"/><line nr="275" mi="4" ci="0" mb="0" cb="0"/><line nr="276" mi="4" ci="0" mb="0" cb="0"/><line nr="278" mi="4" ci="0" mb="0" cb="0"/><line nr="279" mi="4" ci="0" mb="2" cb="0"/><line nr="281" mi="5" ci="0" mb="2" cb="0"/><line nr="282" mi="5" ci="0" mb="0" cb="0"/><line nr="283" mi="2" ci="0" mb="0" cb="0"/><line nr="292" mi="3" ci="0" mb="0" cb="0"/><line nr="293" mi="6" ci="0" mb="0" cb="0"/><line nr="294" mi="1" ci="0" mb="0" cb="0"/><line nr="295" mi="6" ci="0" mb="0" cb="0"/><line nr="299" mi="2" ci="0" mb="0" cb="0"/><line nr="301" mi="2" ci="0" mb="0" cb="0"/><line nr="302" mi="4" ci="0" mb="0" cb="0"/><line nr="304" mi="4" ci="0" mb="0" cb="0"/><line nr="305" mi="3" ci="0" mb="0" cb="0"/><line nr="308" mi="3" ci="0" mb="2" cb="0"/><line nr="309" mi="5" ci="0" mb="0" cb="0"/><line nr="311" mi="5" ci="0" mb="0" cb="0"/><line nr="313" mi="9" ci="0" mb="4" cb="0"/><line nr="314" mi="5" ci="0" mb="0" cb="0"/><line nr="315" mi="3" ci="0" mb="0" cb="0"/><line nr="319" mi="4" ci="0" mb="0" cb="0"/><line nr="321" mi="2" ci="0" mb="0" cb="0"/><line nr="323" mi="2" ci="0" mb="0" cb="0"/><line nr="324" mi="4" ci="0" mb="0" cb="0"/><line nr="325" mi="3" ci="0" mb="0" cb="0"/><line nr="327" mi="3" ci="0" mb="2" cb="0"/><line nr="328" mi="4" ci="0" mb="0" cb="0"/><line nr="329" mi="4" ci="0" mb="0" cb="0"/><line nr="330" mi="5" ci="0" mb="0" cb="0"/><line nr="332" mi="10" ci="0" mb="0" cb="0"/><line nr="333" mi="1" ci="0" mb="0" cb="0"/><line nr="335" mi="1" ci="0" mb="0" cb="0"/><line nr="336" mi="5" ci="0" mb="0" cb="0"/><line nr="337" mi="1" ci="0" mb="0" cb="0"/><line nr="339" mi="2" ci="0" mb="0" cb="0"/><line nr="342" mi="2" ci="0" mb="0" cb="0"/><line nr="344" mi="2" ci="0" mb="0" cb="0"/><line nr="345" mi="4" ci="0" mb="0" cb="0"/><line nr="347" mi="4" ci="0" mb="0" cb="0"/><line nr="348" mi="3" ci="0" mb="0" cb="0"/><line nr="350" mi="3" ci="0" mb="2" cb="0"/><line nr="351" mi="6" ci="0" mb="0" cb="0"/><line nr="353" mi="4" ci="0" mb="0" cb="0"/><line nr="356" mi="9" ci="0" mb="4" cb="0"/><line nr="357" mi="5" ci="0" mb="0" cb="0"/><line nr="358" mi="2" ci="0" mb="0" cb="0"/><line nr="362" mi="2" ci="0" mb="0" cb="0"/><line nr="364" mi="2" ci="0" mb="0" cb="0"/><line nr="365" mi="4" ci="0" mb="0" cb="0"/><line nr="367" mi="4" ci="0" mb="0" cb="0"/><line nr="368" mi="3" ci="0" mb="0" cb="0"/><line nr="370" mi="3" ci="0" mb="2" cb="0"/><line nr="371" mi="7" ci="0" mb="0" cb="0"/><line nr="374" mi="9" ci="0" mb="4" cb="0"/><line nr="375" mi="5" ci="0" mb="0" cb="0"/><line nr="376" mi="1" ci="0" mb="0" cb="0"/><line nr="378" mi="2" ci="0" mb="0" cb="0"/><line nr="383" mi="2" ci="0" mb="0" cb="0"/><line nr="385" mi="2" ci="0" mb="0" cb="0"/><line nr="386" mi="4" ci="0" mb="0" cb="0"/><line nr="388" mi="4" ci="0" mb="0" cb="0"/><line nr="389" mi="3" ci="0" mb="0" cb="0"/><line nr="391" mi="3" ci="0" mb="2" cb="0"/><line nr="392" mi="6" ci="0" mb="0" cb="0"/><line nr="395" mi="9" ci="0" mb="4" cb="0"/><line nr="396" mi="5" ci="0" mb="0" cb="0"/><line nr="397" mi="1" ci="0" mb="0" cb="0"/><line nr="399" mi="2" ci="0" mb="0" cb="0"/><line nr="402" mi="2" ci="0" mb="0" cb="0"/><line nr="404" mi="2" ci="0" mb="0" cb="0"/><line nr="405" mi="4" ci="0" mb="0" cb="0"/><line nr="407" mi="4" ci="0" mb="0" cb="0"/><line nr="408" mi="3" ci="0" mb="0" cb="0"/><line nr="410" mi="3" ci="0" mb="2" cb="0"/><line nr="411" mi="6" ci="0" mb="0" cb="0"/><line nr="414" mi="9" ci="0" mb="4" cb="0"/><line nr="415" mi="5" ci="0" mb="0" cb="0"/><line nr="416" mi="1" ci="0" mb="0" cb="0"/><line nr="418" mi="2" ci="0" mb="0" cb="0"/><line nr="421" mi="4" ci="0" mb="0" cb="0"/><line nr="422" mi="2" ci="0" mb="0" cb="0"/><line nr="424" mi="2" ci="0" mb="0" cb="0"/><line nr="425" mi="4" ci="0" mb="0" cb="0"/><line nr="426" mi="3" ci="0" mb="0" cb="0"/><line nr="428" mi="3" ci="0" mb="2" cb="0"/><line nr="429" mi="4" ci="0" mb="0" cb="0"/><line nr="430" mi="4" ci="0" mb="0" cb="0"/><line nr="431" mi="4" ci="0" mb="0" cb="0"/><line nr="432" mi="4" ci="0" mb="0" cb="0"/><line nr="433" mi="4" ci="0" mb="0" cb="0"/><line nr="434" mi="4" ci="0" mb="0" cb="0"/><line nr="436" mi="2" ci="0" mb="4" cb="0"/><line nr="438" mi="2" ci="0" mb="0" cb="0"/><line nr="439" mi="4" ci="0" mb="0" cb="0"/><line nr="440" mi="4" ci="0" mb="0" cb="0"/><line nr="441" mi="3" ci="0" mb="0" cb="0"/><line nr="442" mi="3" ci="0" mb="2" cb="0"/><line nr="443" mi="4" ci="0" mb="0" cb="0"/><line nr="444" mi="4" ci="0" mb="0" cb="0"/><line nr="445" mi="4" ci="0" mb="0" cb="0"/><line nr="447" mi="13" ci="0" mb="0" cb="0"/><line nr="459" mi="1" ci="0" mb="0" cb="0"/><line nr="462" mi="2" ci="0" mb="0" cb="0"/><line nr="463" mi="4" ci="0" mb="0" cb="0"/><line nr="464" mi="4" ci="0" mb="0" cb="0"/><line nr="465" mi="3" ci="0" mb="0" cb="0"/><line nr="466" mi="3" ci="0" mb="2" cb="0"/><line nr="467" mi="4" ci="0" mb="0" cb="0"/><line nr="468" mi="4" ci="0" mb="0" cb="0"/><line nr="470" mi="12" ci="0" mb="0" cb="0"/><line nr="481" mi="1" ci="0" mb="0" cb="0"/><line nr="484" mi="2" ci="0" mb="0" cb="0"/><line nr="485" mi="4" ci="0" mb="0" cb="0"/><line nr="486" mi="4" ci="0" mb="0" cb="0"/><line nr="487" mi="3" ci="0" mb="0" cb="0"/><line nr="488" mi="3" ci="0" mb="2" cb="0"/><line nr="489" mi="4" ci="0" mb="0" cb="0"/><line nr="491" mi="11" ci="0" mb="0" cb="0"/><line nr="501" mi="1" ci="0" mb="0" cb="0"/><line nr="503" mi="4" ci="0" mb="0" cb="0"/><line nr="505" mi="1" ci="0" mb="0" cb="0"/><line nr="507" mi="1" ci="0" mb="0" cb="0"/><line nr="508" mi="5" ci="0" mb="0" cb="0"/><line nr="509" mi="1" ci="0" mb="0" cb="0"/><line nr="511" mi="2" ci="0" mb="0" cb="0"/><line nr="515" mi="4" ci="0" mb="0" cb="0"/><line nr="516" mi="2" ci="0" mb="0" cb="0"/><line nr="518" mi="2" ci="0" mb="0" cb="0"/><line nr="519" mi="4" ci="0" mb="0" cb="0"/><line nr="520" mi="3" ci="0" mb="0" cb="0"/><line nr="522" mi="3" ci="0" mb="2" cb="0"/><line nr="523" mi="7" ci="0" mb="0" cb="0"/><line nr="526" mi="1" ci="0" mb="0" cb="0"/><line nr="527" mi="5" ci="0" mb="0" cb="0"/><line nr="528" mi="1" ci="0" mb="0" cb="0"/><line nr="530" mi="2" ci="0" mb="0" cb="0"/><line nr="534" mi="2" ci="0" mb="0" cb="0"/><line nr="536" mi="2" ci="0" mb="0" cb="0"/><line nr="537" mi="4" ci="0" mb="0" cb="0"/><line nr="538" mi="3" ci="0" mb="0" cb="0"/><line nr="540" mi="3" ci="0" mb="2" cb="0"/><line nr="541" mi="6" ci="0" mb="0" cb="0"/><line nr="544" mi="13" ci="0" mb="6" cb="0"/><line nr="545" mi="5" ci="0" mb="0" cb="0"/><line nr="546" mi="1" ci="0" mb="0" cb="0"/><line nr="548" mi="2" ci="0" mb="0" cb="0"/><counter type="INSTRUCTION" missed="1000" covered="34"/><counter type="BRANCH" missed="123" covered="4"/><counter type="LINE" missed="265" covered="9"/><counter type="COMPLEXITY" missed="81" covered="1"/><counter type="METHOD" missed="15" covered="1"/><counter type="CLASS" missed="0" covered="1"/></sourcefile><counter type="INSTRUCTION" missed="1000" covered="34"/><counter type="BRANCH" missed="123" covered="4"/><counter type="LINE" missed="265" covered="9"/><counter type="COMPLEXITY" missed="81" covered="1"/><counter type="METHOD" missed="15" covered="1"/><counter type="CLASS" missed="0" covered="1"/></package><package name="com/greenet"><class name="com/greenet/BaseDecorador" sourcefilename="BaseDecorador.java"><method name="&lt;init&gt;" desc="(Lcom/greenet/Notificacion;)V" line="5"><counter type="INSTRUCTION" missed="0" covered="6"/><counter type="LINE" missed="0" covered="3"/><counter type="COMPLEXITY" missed="0" covered="1"/><counter type="METHOD" missed="0" covered="1"/></method><method name="sendMessage" desc="(Ljava/lang/String;Ljava/lang/String;J)V" line="11"><counter type="INSTRUCTION" missed="0" covered="10"/><counter type="BRANCH" missed="1" covered="1"/><counter type="LINE" missed="0" covered="3"/><counter type="COMPLEXITY" missed="1" covered="1"/><counter type="METHOD" missed="0" covered="1"/></method><method name="operation" desc="()V" line="18"><counter type="INSTRUCTION" missed="7" covered="0"/><counter type="BRANCH" missed="2" covered="0"/><counter type="LINE" missed="3" covered="0"/><counter type="COMPLEXITY" missed="2" covered="0"/><counter type="METHOD" missed="1" covered="0"/></method><counter type="INSTRUCTION" missed="7" covered="16"/><counter type="BRANCH" missed="3" covered="1"/><counter type="LINE" missed="3" covered="6"/><counter type="COMPLEXITY" missed="3" covered="2"/><counter type="METHOD" missed="1" covered="2"/><counter type="CLASS" missed="0" covered="1"/></class><class name="com/greenet/LoginController" sourcefilename="LoginController.java"><method name="&lt;init&gt;" desc="()V" line="14"><counter type="INSTRUCTION" missed="0" covered="3"/><counter type="LINE" missed="0" covered="1"/><counter type="COMPLEXITY" missed="0" covered="1"/><counter type="METHOD" missed="0" covered="1"/></method><method name="initialize" desc="()V" line="21"><counter type="INSTRUCTION" missed="0" covered="9"/><counter type="LINE" missed="0" covered="3"/><counter type="COMPLEXITY" missed="0" covered="1"/><counter type="METHOD" missed="0" covered="1"/></method><method name="handleLogin" desc="()V" line="29"><counter type="INSTRUCTION" missed="101" covered="0"/><counter type="BRANCH" missed="13" covered="0"/><counter type="LINE" missed="30" covered="0"/><counter type="COMPLEXITY" missed="9" covered="0"/><counter type="METHOD" missed="1" covered="0"/></method><method name="obtenerIdUsuario" desc="(Ljava/lang/String;)I" line="84"><counter type="INSTRUCTION" missed="41" covered="0"/><counter type="BRANCH" missed="6" covered="0"/><counter type="LINE" missed="11" covered="0"/><counter type="COMPLEXITY" missed="4" covered="0"/><counter type="METHOD" missed="1" covered="0"/></method><method name="handleGoToProfile" desc="(ILjava/lang/String;Z)V" line="105"><counter type="INSTRUCTION" missed="115" covered="0"/><counter type="BRANCH" missed="2" covered="0"/><counter type="LINE" missed="28" covered="0"/><counter type="COMPLEXITY" missed="2" covered="0"/><counter type="METHOD" missed="1" covered="0"/></method><method name="handleGoToSignup" desc="()V" line="151"><counter type="INSTRUCTION" missed="51" covered="0"/><counter type="LINE" missed="13" covered="0"/><counter type="COMPLEXITY" missed="1" covered="0"/><counter type="METHOD" missed="1" covered="0"/></method><method name="isValidEmail" desc="(Ljava/lang/String;)Z" line="169"><counter type="INSTRUCTION" missed="4" covered="0"/><counter type="LINE" missed="1" covered="0"/><counter type="COMPLEXITY" missed="1" covered="0"/><counter type="METHOD" missed="1" covered="0"/></method><method name="showAlert" desc="(Ljava/lang/String;Ljava/lang/String;Ljavafx/scene/control/Alert$AlertType;)V" line="176"><counter type="INSTRUCTION" missed="37" covered="0"/><counter type="BRANCH" missed="4" covered="0"/><counter type="LINE" missed="12" covered="0"/><counter type="COMPLEXITY" missed="4" covered="0"/><counter type="METHOD" missed="1" covered="0"/></method><method name="lambda$initialize$0" desc="(Ljavafx/event/ActionEvent;)V" line="24"><counter type="INSTRUCTION" missed="3" covered="0"/><counter type="LINE" missed="1" covered="0"/><counter type="COMPLEXITY" missed="1" covered="0"/><counter type="METHOD" missed="1" covered="0"/></method><counter type="INSTRUCTION" missed="352" covered="12"/><counter type="BRANCH" missed="25" covered="0"/><counter type="LINE" missed="95" covered="4"/><counter type="COMPLEXITY" missed="22" covered="2"/><counter type="METHOD" missed="7" covered="2"/><counter type="CLASS" missed="0" covered="1"/></class><class name="com/greenet/GmailDecorador$1" sourcefilename="GmailDecorador.java"><method name="&lt;init&gt;" desc="(Lcom/greenet/GmailDecorador;)V" line="30"><counter type="INSTRUCTION" missed="0" covered="6"/><counter type="LINE" missed="0" covered="1"/><counter type="COMPLEXITY" missed="0" covered="1"/><counter type="METHOD" missed="0" covered="1"/></method><method name="getPasswordAuthentication" desc="()Ljakarta/mail/PasswordAuthentication;" line="33"><counter type="INSTRUCTION" missed="0" covered="10"/><counter type="LINE" missed="0" covered="1"/><counter type="COMPLEXITY" missed="0" covered="1"/><counter type="METHOD" missed="0" covered="1"/></method><counter type="INSTRUCTION" missed="0" covered="16"/><counter type="LINE" missed="0" covered="2"/><counter type="COMPLEXITY" missed="0" covered="2"/><counter type="METHOD" missed="0" covered="2"/><counter type="CLASS" missed="0" covered="1"/></class><class name="com/greenet/PublicacionHogar" sourcefilename="PublicacionHogar.java"><method name="&lt;init&gt;" desc="(Ljava/lang/String;Ljava/lang/String;Ljava/lang/String;ILjava/lang/String;)V" line="12"><counter type="INSTRUCTION" missed="0" covered="26"/><counter type="LINE" missed="0" covered="9"/><counter type="COMPLEXITY" missed="0" covered="1"/><counter type="METHOD" missed="0" covered="1"/></method><method name="getTitulo" desc="()Ljava/lang/String;" line="31"><counter type="INSTRUCTION" missed="0" covered="3"/><counter type="LINE" missed="0" covered="1"/><counter type="COMPLEXITY" missed="0" covered="1"/><counter type="METHOD" missed="0" covered="1"/></method><method name="getDescripcion" desc="()Ljava/lang/String;" line="32"><counter type="INSTRUCTION" missed="0" covered="3"/><counter type="LINE" missed="0" covered="1"/><counter type="COMPLEXITY" missed="0" covered="1"/><counter type="METHOD" missed="0" covered="1"/></method><method name="getCategoria" desc="()Ljava/lang/String;" line="33"><counter type="INSTRUCTION" missed="0" covered="3"/><counter type="LINE" missed="0" covered="1"/><counter type="COMPLEXITY" missed="0" covered="1"/><counter type="METHOD" missed="0" covered="1"/></method><method name="getImagen" desc="()Ljava/lang/String;" line="34"><counter type="INSTRUCTION" missed="0" covered="3"/><counter type="LINE" missed="0" covered="1"/><counter type="COMPLEXITY" missed="0" covered="1"/><counter type="METHOD" missed="0" covered="1"/></method><method name="getPublicadorId" desc="()I" line="35"><counter type="INSTRUCTION" missed="0" covered="3"/><counter type="LINE" missed="0" covered="1"/><counter type="COMPLEXITY" missed="0" covered="1"/><counter type="METHOD" missed="0" covered="1"/></method><method name="getEtiquetas" desc="()Ljava/util/List;" line="36"><counter type="INSTRUCTION" missed="0" covered="3"/><counter type="LINE" missed="0" covered="1"/><counter type="COMPLEXITY" missed="0" covered="1"/><counter type="METHOD" missed="0" covered="1"/></method><method name="setEtiquetas" desc="(Ljava/util/List;)V" line="37"><counter type="INSTRUCTION" missed="0" covered="4"/><counter type="LINE" missed="0" covered="1"/><counter type="COMPLEXITY" missed="0" covered="1"/><counter type="METHOD" missed="0" covered="1"/></method><method name="setNombreUsuario" desc="(Ljava/lang/String;)V" line="40"><counter type="INSTRUCTION" missed="0" covered="1"/><counter type="LINE" missed="0" covered="1"/><counter type="COMPLEXITY" missed="0" covered="1"/><counter type="METHOD" missed="0" covered="1"/></method><method name="getTipoMueble" desc="()Ljava/lang/String;" line="42"><counter type="INSTRUCTION" missed="0" covered="3"/><counter type="LINE" missed="0" covered="1"/><counter type="COMPLEXITY" missed="0" covered="1"/><counter type="METHOD" missed="0" covered="1"/></method><method name="aceptarVisita" desc="(Lcom/greenet/VisitorPublicaciones;)V" line="46"><counter type="INSTRUCTION" missed="0" covered="4"/><counter type="LINE" missed="0" covered="2"/><counter type="COMPLEXITY" missed="0" covered="1"/><counter type="METHOD" missed="0" covered="1"/></method><counter type="INSTRUCTION" missed="0" covered="56"/><counter type="LINE" missed="0" covered="20"/><counter type="COMPLEXITY" missed="0" covered="11"/><counter type="METHOD" missed="0" covered="11"/><counter type="CLASS" missed="0" covered="1"/></class><class name="com/greenet/Publisher" sourcefilename="Publisher.java"><method name="&lt;init&gt;" desc="()V" line="6"><counter type="INSTRUCTION" missed="0" covered="8"/><counter type="LINE" missed="0" covered="2"/><counter type="COMPLEXITY" missed="0" covered="1"/><counter type="METHOD" missed="0" covered="1"/></method><method name="suscribir" desc="(Lcom/greenet/Suscribe;)V" line="10"><counter type="INSTRUCTION" missed="0" covered="6"/><counter type="LINE" missed="0" covered="2"/><counter type="COMPLEXITY" missed="0" covered="1"/><counter type="METHOD" missed="0" covered="1"/></method><method name="eliminar" desc="(Lcom/greenet/Suscribe;)V" line="14"><counter type="INSTRUCTION" missed="6" covered="0"/><counter type="LINE" missed="2" covered="0"/><counter type="COMPLEXITY" missed="1" covered="0"/><counter type="METHOD" missed="1" covered="0"/></method><method name="notificarSubs" desc="(Ljava/lang/String;)V" line="18"><counter type="INSTRUCTION" missed="0" covered="16"/><counter type="BRANCH" missed="0" covered="2"/><counter type="LINE" missed="0" covered="4"/><counter type="COMPLEXITY" missed="0" covered="2"/><counter type="METHOD" missed="0" covered="1"/></method><counter type="INSTRUCTION" missed="6" covered="30"/><counter type="BRANCH" missed="0" covered="2"/><counter type="LINE" missed="2" covered="8"/><counter type="COMPLEXITY" missed="1" covered="4"/><counter type="METHOD" missed="1" covered="3"/><counter type="CLASS" missed="0" covered="1"/></class><class name="com/greenet/homeController" sourcefilename="homeController.java"><method name="&lt;init&gt;" desc="()V" line="21"><counter type="INSTRUCTION" missed="0" covered="3"/><counter type="LINE" missed="0" covered="1"/><counter type="COMPLEXITY" missed="0" covered="1"/><counter type="METHOD" missed="0" covered="1"/></method><method name="setUsuarioActual" desc="(ILjava/lang/String;)V" line="39"><counter type="INSTRUCTION" missed="0" covered="12"/><counter type="LINE" missed="0" covered="4"/><counter type="COMPLEXITY" missed="0" covered="1"/><counter type="METHOD" missed="0" covered="1"/></method><method name="onGoToBuscar" desc="()V" line="46"><counter type="INSTRUCTION" missed="37" covered="0"/><counter type="LINE" missed="11" covered="0"/><counter type="COMPLEXITY" missed="1" covered="0"/><counter type="METHOD" missed="1" covered="0"/></method><method name="onGoToPublicaciones" desc="()V" line="62"><counter type="INSTRUCTION" missed="45" covered="0"/><counter type="LINE" missed="13" covered="0"/><counter type="COMPLEXITY" missed="1" covered="0"/><counter type="METHOD" missed="1" covered="0"/></method><method name="onActionIralPerfil" desc="()V" line="81"><counter type="INSTRUCTION" missed="56" covered="0"/><counter type="LINE" missed="14" covered="0"/><counter type="COMPLEXITY" missed="1" covered="0"/><counter type="METHOD" missed="1" covered="0"/></method><method name="onGoToSalir" desc="()V" line="101"><counter type="INSTRUCTION" missed="33" covered="0"/><counter type="BRANCH" missed="4" covered="0"/><counter type="LINE" missed="10" covered="0"/><counter type="COMPLEXITY" missed="3" covered="0"/><counter type="METHOD" missed="1" covered="0"/></method><method name="cerrarSesionBD" desc="()V" line="117"><counter type="INSTRUCTION" missed="21" covered="0"/><counter type="BRANCH" missed="3" covered="0"/><counter type="LINE" missed="6" covered="0"/><counter type="COMPLEXITY" missed="3" covered="0"/><counter type="METHOD" missed="1" covered="0"/></method><method name="volverAlLogin" desc="()V" line="127"><counter type="INSTRUCTION" missed="21" covered="19"/><counter type="LINE" missed="5" covered="6"/><counter type="COMPLEXITY" missed="0" covered="1"/><counter type="METHOD" missed="0" covered="1"/></method><method name="mostrarAlerta" desc="(Ljava/lang/String;Ljava/lang/String;)V" line="145"><counter type="INSTRUCTION" missed="5" covered="33"/><counter type="BRANCH" missed="1" covered="3"/><counter type="LINE" missed="1" covered="9"/><counter type="COMPLEXITY" missed="1" covered="2"/><counter type="METHOD" missed="0" covered="1"/></method><counter type="INSTRUCTION" missed="218" covered="67"/><counter type="BRANCH" missed="8" covered="3"/><counter type="LINE" missed="60" covered="20"/><counter type="COMPLEXITY" missed="10" covered="5"/><counter type="METHOD" missed="5" covered="4"/><counter type="CLASS" missed="0" covered="1"/></class><class name="com/greenet/VisitorValidaciones" sourcefilename="VisitorValidaciones.java"><method name="&lt;init&gt;" desc="()V" line="3"><counter type="INSTRUCTION" missed="0" covered="9"/><counter type="LINE" missed="0" covered="3"/><counter type="COMPLEXITY" missed="0" covered="1"/><counter type="METHOD" missed="0" covered="1"/></method><method name="visitar" desc="(Lcom/greenet/PublicacionHogar;)V" line="9"><counter type="INSTRUCTION" missed="0" covered="44"/><counter type="BRANCH" missed="0" covered="16"/><counter type="LINE" missed="0" covered="9"/><counter type="COMPLEXITY" missed="0" covered="9"/><counter type="METHOD" missed="0" covered="1"/></method><method name="visitar" desc="(Lcom/greenet/PublicacionRopa;)V" line="21"><counter type="INSTRUCTION" missed="0" covered="33"/><counter type="BRANCH" missed="2" covered="10"/><counter type="LINE" missed="0" covered="7"/><counter type="COMPLEXITY" missed="2" covered="5"/><counter type="METHOD" missed="0" covered="1"/></method><method name="visitar" desc="(Lcom/greenet/PublicacionTecnologia;)V" line="31"><counter type="INSTRUCTION" missed="0" covered="44"/><counter type="BRANCH" missed="1" covered="15"/><counter type="LINE" missed="0" covered="9"/><counter type="COMPLEXITY" missed="1" covered="8"/><counter type="METHOD" missed="0" covered="1"/></method><method name="setError" desc="(Ljava/lang/String;)V" line="42"><counter type="INSTRUCTION" missed="0" covered="7"/><counter type="LINE" missed="0" covered="3"/><counter type="COMPLEXITY" missed="0" covered="1"/><counter type="METHOD" missed="0" covered="1"/></method><method name="esValido" desc="()Z" line="47"><counter type="INSTRUCTION" missed="0" covered="3"/><counter type="LINE" missed="0" covered="1"/><counter type="COMPLEXITY" missed="0" covered="1"/><counter type="METHOD" missed="0" covered="1"/></method><method name="getMensajeError" desc="()Ljava/lang/String;" line="51"><counter type="INSTRUCTION" missed="0" covered="3"/><counter type="LINE" missed="0" covered="1"/><counter type="COMPLEXITY" missed="0" covered="1"/><counter type="METHOD" missed="0" covered="1"/></method><counter type="INSTRUCTION" missed="0" covered="143"/><counter type="BRANCH" missed="3" covered="41"/><counter type="LINE" missed="0" covered="33"/><counter type="COMPLEXITY" missed="3" covered="26"/><counter type="METHOD" missed="0" covered="7"/><counter type="CLASS" missed="0" covered="1"/></class><class name="com/greenet/PublicacionRopa" sourcefilename="PublicacionRopa.java"><method name="&lt;init&gt;" desc="(Ljava/lang/String;Ljava/lang/String;Ljava/lang/String;IFLjava/lang/String;)V" line="10"><counter type="INSTRUCTION" missed="0" covered="29"/><counter type="LINE" missed="0" covered="10"/><counter type="COMPLEXITY" missed="0" covered="1"/><counter type="METHOD" missed="0" covered="1"/></method><method name="getTitulo" desc="()Ljava/lang/String;" line="30"><counter type="INSTRUCTION" missed="0" covered="3"/><counter type="LINE" missed="0" covered="1"/><counter type="COMPLEXITY" missed="0" covered="1"/><counter type="METHOD" missed="0" covered="1"/></method><method name="getDescripcion" desc="()Ljava/lang/String;" line="31"><counter type="INSTRUCTION" missed="0" covered="3"/><counter type="LINE" missed="0" covered="1"/><counter type="COMPLEXITY" missed="0" covered="1"/><counter type="METHOD" missed="0" covered="1"/></method><method name="getCategoria" desc="()Ljava/lang/String;" line="32"><counter type="INSTRUCTION" missed="0" covered="3"/><counter type="LINE" missed="0" covered="1"/><counter type="COMPLEXITY" missed="0" covered="1"/><counter type="METHOD" missed="0" covered="1"/></method><method name="getImagen" desc="()Ljava/lang/String;" line="33"><counter type="INSTRUCTION" missed="0" covered="3"/><counter type="LINE" missed="0" covered="1"/><counter type="COMPLEXITY" missed="0" covered="1"/><counter type="METHOD" missed="0" covered="1"/></method><method name="getPublicadorId" desc="()I" line="34"><counter type="INSTRUCTION" missed="0" covered="3"/><counter type="LINE" missed="0" covered="1"/><counter type="COMPLEXITY" missed="0" covered="1"/><counter type="METHOD" missed="0" covered="1"/></method><method name="getEtiquetas" desc="()Ljava/util/List;" line="35"><counter type="INSTRUCTION" missed="0" covered="3"/><counter type="LINE" missed="0" covered="1"/><counter type="COMPLEXITY" missed="0" covered="1"/><counter type="METHOD" missed="0" covered="1"/></method><method name="setEtiquetas" desc="(Ljava/util/List;)V" line="36"><counter type="INSTRUCTION" missed="0" covered="4"/><counter type="LINE" missed="0" covered="1"/><counter type="COMPLEXITY" missed="0" covered="1"/><counter type="METHOD" missed="0" covered="1"/></method><method name="setNombreUsuario" desc="(Ljava/lang/String;)V" line="39"><counter type="INSTRUCTION" missed="0" covered="1"/><counter type="LINE" missed="0" covered="1"/><counter type="COMPLEXITY" missed="0" covered="1"/><counter type="METHOD" missed="0" covered="1"/></method><method name="getTalla" desc="()F" line="41"><counter type="INSTRUCTION" missed="0" covered="3"/><counter type="LINE" missed="0" covered="1"/><counter type="COMPLEXITY" missed="0" covered="1"/><counter type="METHOD" missed="0" covered="1"/></method><method name="getMaterial" desc="()Ljava/lang/String;" line="42"><counter type="INSTRUCTION" missed="0" covered="3"/><counter type="LINE" missed="0" covered="1"/><counter type="COMPLEXITY" missed="0" covered="1"/><counter type="METHOD" missed="0" covered="1"/></method><method name="aceptarVisita" desc="(Lcom/greenet/VisitorPublicaciones;)V" line="46"><counter type="INSTRUCTION" missed="0" covered="4"/><counter type="LINE" missed="0" covered="2"/><counter type="COMPLEXITY" missed="0" covered="1"/><counter type="METHOD" missed="0" covered="1"/></method><counter type="INSTRUCTION" missed="0" covered="62"/><counter type="LINE" missed="0" covered="22"/><counter type="COMPLEXITY" missed="0" covered="12"/><counter type="METHOD" missed="0" covered="12"/><counter type="CLASS" missed="0" covered="1"/></class><class name="com/greenet/PreviewPostController" sourcefilename="PreviewPostController.java"><method name="&lt;init&gt;" desc="()V" line="15"><counter type="INSTRUCTION" missed="3" covered="0"/><counter type="LINE" missed="1" covered="0"/><counter type="COMPLEXITY" missed="1" covered="0"/><counter type="METHOD" missed="1" covered="0"/></method><method name="initialize" desc="()V" line="37"><counter type="INSTRUCTION" missed="13" covered="0"/><counter type="LINE" missed="4" covered="0"/><counter type="COMPLEXITY" missed="1" covered="0"/><counter type="METHOD" missed="1" covered="0"/></method><method name="onBack" desc="(Ljavafx/event/ActionEvent;)V" line="44"><counter type="INSTRUCTION" missed="9" covered="0"/><counter type="LINE" missed="3" covered="0"/><counter type="COMPLEXITY" missed="1" covered="0"/><counter type="METHOD" missed="1" covered="0"/></method><method name="cargarPublicacion" desc="(Ljava/lang/String;Ljava/lang/String;Ljava/lang/String;Ljava/lang/String;)V" line="49"><counter type="INSTRUCTION" missed="22" covered="0"/><counter type="LINE" missed="6" covered="0"/><counter type="COMPLEXITY" missed="1" covered="0"/><counter type="METHOD" missed="1" covered="0"/></method><counter type="INSTRUCTION" missed="47" covered="0"/><counter type="LINE" missed="14" covered="0"/><counter type="COMPLEXITY" missed="4" covered="0"/><counter type="METHOD" missed="4" covered="0"/><counter type="CLASS" missed="1" covered="0"/></class><class name="com/greenet/PublicacionFactory" sourcefilename="PublicacionFactory.java"><method name="&lt;init&gt;" desc="()V" line="6"><counter type="INSTRUCTION" missed="0" covered="3"/><counter type="LINE" missed="0" covered="1"/><counter type="COMPLEXITY" missed="0" covered="1"/><counter type="METHOD" missed="0" covered="1"/></method><method name="crearPublicacionTecnologia" desc="(Ljava/lang/String;Ljava/lang/String;Ljava/lang/String;ILjava/lang/String;Ljava/lang/String;Z)Lcom/greenet/Publicacion;" line="11"><counter type="INSTRUCTION" missed="0" covered="11"/><counter type="LINE" missed="0" covered="1"/><counter type="COMPLEXITY" missed="0" covered="1"/><counter type="METHOD" missed="0" covered="1"/></method><method name="crearPublicacionRopa" desc="(Ljava/lang/String;Ljava/lang/String;Ljava/lang/String;IFLjava/lang/String;)Lcom/greenet/Publicacion;" line="17"><counter type="INSTRUCTION" missed="0" covered="10"/><counter type="LINE" missed="0" covered="1"/><counter type="COMPLEXITY" missed="0" covered="1"/><counter type="METHOD" missed="0" covered="1"/></method><method name="crearPublicacionHogar" desc="(Ljava/lang/String;Ljava/lang/String;Ljava/lang/String;ILjava/lang/String;)Lcom/greenet/Publicacion;" line="23"><counter type="INSTRUCTION" missed="0" covered="9"/><counter type="LINE" missed="0" covered="1"/><counter type="COMPLEXITY" missed="0" covered="1"/><counter type="METHOD" missed="0" covered="1"/></method><method name="crearPublicacion" desc="(Ljava/lang/String;Ljava/lang/String;Ljava/lang/String;Ljava/lang/String;ILjava/util/List;)Lcom/greenet/Publicacion;" line="30"><counter type="INSTRUCTION" missed="0" covered="62"/><counter type="BRANCH" missed="0" covered="4"/><counter type="LINE" missed="0" covered="11"/><counter type="COMPLEXITY" missed="0" covered="4"/><counter type="METHOD" missed="0" covered="1"/></method><counter type="INSTRUCTION" missed="0" covered="95"/><counter type="BRANCH" missed="0" covered="4"/><counter type="LINE" missed="0" covered="15"/><counter type="COMPLEXITY" missed="0" covered="8"/><counter type="METHOD" missed="0" covered="5"/><counter type="CLASS" missed="0" covered="1"/></class><class name="com/greenet/Vista_Admin_BloqueosController" sourcefilename="Vista_Admin_BloqueosController.java"><method name="&lt;init&gt;" desc="()V" line="21"><counter type="INSTRUCTION" missed="0" covered="6"/><counter type="LINE" missed="0" covered="2"/><counter type="COMPLEXITY" missed="0" covered="1"/><counter type="METHOD" missed="0" covered="1"/></method><method name="initialize" desc="()V" line="43"><counter type="INSTRUCTION" missed="105" covered="0"/><counter type="BRANCH" missed="2" covered="0"/><counter type="LINE" missed="14" covered="0"/><counter type="COMPLEXITY" missed="2" covered="0"/><counter type="METHOD" missed="1" covered="0"/></method><method name="onUsuarioSeleccionado" desc="(Ljavafx/event/ActionEvent;)V" line="69"><counter type="INSTRUCTION" missed="11" covered="0"/><counter type="LINE" missed="3" covered="0"/><counter type="COMPLEXITY" missed="1" covered="0"/><counter type="METHOD" missed="1" covered="0"/></method><method name="OnActionBloquearUusario" desc="(Ljavafx/event/ActionEvent;)V" line="75"><counter type="INSTRUCTION" missed="61" covered="0"/><counter type="BRANCH" missed="6" covered="0"/><counter type="LINE" missed="18" covered="0"/><counter type="COMPLEXITY" missed="4" covered="0"/><counter type="METHOD" missed="1" covered="0"/></method><method name="OnActionQuitarRestriccionUusario" desc="(Ljavafx/event/ActionEvent;)V" line="102"><counter type="INSTRUCTION" missed="46" covered="0"/><counter type="BRANCH" missed="4" covered="0"/><counter type="LINE" missed="13" covered="0"/><counter type="COMPLEXITY" missed="3" covered="0"/><counter type="METHOD" missed="1" covered="0"/></method><method name="OnActionVolverAtras" desc="(Ljavafx/event/ActionEvent;)V" line="123"><counter type="INSTRUCTION" missed="4" covered="0"/><counter type="LINE" missed="2" covered="0"/><counter type="COMPLEXITY" missed="1" covered="0"/><counter type="METHOD" missed="1" covered="0"/></method><method name="actualizar" desc="(Ljava/lang/String;)V" line="129"><counter type="INSTRUCTION" missed="12" covered="0"/><counter type="BRANCH" missed="2" covered="0"/><counter type="LINE" missed="4" covered="0"/><counter type="COMPLEXITY" missed="2" covered="0"/><counter type="METHOD" missed="1" covered="0"/></method><method name="OnActionVolver" desc="()V" line="138"><counter type="INSTRUCTION" missed="33" covered="0"/><counter type="BRANCH" missed="4" covered="0"/><counter type="LINE" missed="10" covered="0"/><counter type="COMPLEXITY" missed="3" covered="0"/><counter type="METHOD" missed="1" covered="0"/></method><method name="cerrarSesionBD" desc="()V" line="154"><counter type="INSTRUCTION" missed="19" covered="0"/><counter type="BRANCH" missed="3" covered="0"/><counter type="LINE" missed="6" covered="0"/><counter type="COMPLEXITY" missed="3" covered="0"/><counter type="METHOD" missed="1" covered="0"/></method><method name="volverAlLogin" desc="()V" line="164"><counter type="INSTRUCTION" missed="40" covered="0"/><counter type="LINE" missed="11" covered="0"/><counter type="COMPLEXITY" missed="1" covered="0"/><counter type="METHOD" missed="1" covered="0"/></method><method name="mostrarAlerta" desc="(Ljava/lang/String;Ljava/lang/String;)V" line="183"><counter type="INSTRUCTION" missed="38" covered="0"/><counter type="BRANCH" missed="4" covered="0"/><counter type="LINE" missed="10" covered="0"/><counter type="COMPLEXITY" missed="3" covered="0"/><counter type="METHOD" missed="1" covered="0"/></method><method name="setUsuarioActual" desc="(I)V" line="198"><counter type="INSTRUCTION" missed="0" covered="4"/><counter type="LINE" missed="0" covered="2"/><counter type="COMPLEXITY" missed="0" covered="1"/><counter type="METHOD" missed="0" covered="1"/></method><counter type="INSTRUCTION" missed="369" covered="10"/><counter type="BRANCH" missed="25" covered="0"/><counter type="LINE" missed="91" covered="4"/><counter type="COMPLEXITY" missed="23" covered="2"/><counter type="METHOD" missed="10" covered="2"/><counter type="CLASS" missed="0" covered="1"/></class><class name="com/greenet/SignupController" sourcefilename="SignupController.java"><method name="&lt;init&gt;" desc="()V" line="11"><counter type="INSTRUCTION" missed="3" covered="0"/><counter type="LINE" missed="1" covered="0"/><counter type="COMPLEXITY" missed="1" covered="0"/><counter type="METHOD" missed="1" covered="0"/></method><method name="initialize" desc="()V" line="29"><counter type="INSTRUCTION" missed="46" covered="0"/><counter type="LINE" missed="7" covered="0"/><counter type="COMPLEXITY" missed="1" covered="0"/><counter type="METHOD" missed="1" covered="0"/></method><method name="setupFieldListeners" desc="()V" line="52"><counter type="INSTRUCTION" missed="19" covered="0"/><counter type="LINE" missed="4" covered="0"/><counter type="COMPLEXITY" missed="1" covered="0"/><counter type="METHOD" missed="1" covered="0"/></method><method name="handleSignup" desc="()V" line="81"><counter type="INSTRUCTION" missed="56" covered="0"/><counter type="BRANCH" missed="9" covered="0"/><counter type="LINE" missed="14" covered="0"/><counter type="COMPLEXITY" missed="8" covered="0"/><counter type="METHOD" missed="1" covered="0"/></method><method name="cancelarRegistro" desc="()V" line="104"><counter type="INSTRUCTION" missed="6" covered="0"/><counter type="LINE" missed="2" covered="0"/><counter type="COMPLEXITY" missed="1" covered="0"/><counter type="METHOD" missed="1" covered="0"/></method><method name="validarFormulario" desc="()Z" line="108"><counter type="INSTRUCTION" missed="202" covered="0"/><counter type="BRANCH" missed="24" covered="0"/><counter type="LINE" missed="50" covered="0"/><counter type="COMPLEXITY" missed="13" covered="0"/><counter type="METHOD" missed="1" covered="0"/></method><method name="registrarUsuario" desc="()I" line="183"><counter type="INSTRUCTION" missed="112" covered="0"/><counter type="LINE" missed="26" covered="0"/><counter type="COMPLEXITY" missed="1" covered="0"/><counter type="METHOD" missed="1" covered="0"/></method><method name="limpiarFormulario" desc="()V" line="231"><counter type="INSTRUCTION" missed="35" covered="0"/><counter type="LINE" missed="12" covered="0"/><counter type="COMPLEXITY" missed="1" covered="0"/><counter type="METHOD" missed="1" covered="0"/></method><method name="clearAllFieldErrors" desc="()V" line="247"><counter type="INSTRUCTION" missed="41" covered="0"/><counter type="LINE" missed="11" covered="0"/><counter type="COMPLEXITY" missed="1" covered="0"/><counter type="METHOD" missed="1" covered="0"/></method><method name="isValidEmail" desc="(Ljava/lang/String;)Z" line="261"><counter type="INSTRUCTION" missed="4" covered="0"/><counter type="LINE" missed="1" covered="0"/><counter type="COMPLEXITY" missed="1" covered="0"/><counter type="METHOD" missed="1" covered="0"/></method><method name="isValidDate" desc="(Ljava/lang/String;)Z" line="265"><counter type="INSTRUCTION" missed="4" covered="0"/><counter type="LINE" missed="1" covered="0"/><counter type="COMPLEXITY" missed="1" covered="0"/><counter type="METHOD" missed="1" covered="0"/></method><method name="isValidPhone" desc="(Ljava/lang/String;)Z" line="269"><counter type="INSTRUCTION" missed="4" covered="0"/><counter type="LINE" missed="1" covered="0"/><counter type="COMPLEXITY" missed="1" covered="0"/><counter type="METHOD" missed="1" covered="0"/></method><method name="setFieldError" desc="(Ljavafx/scene/control/Control;Ljava/lang/String;)V" line="273"><counter type="INSTRUCTION" missed="35" covered="0"/><counter type="BRANCH" missed="4" covered="0"/><counter type="LINE" missed="10" covered="0"/><counter type="COMPLEXITY" missed="3" covered="0"/><counter type="METHOD" missed="1" covered="0"/></method><method name="clearFieldError" desc="(Ljavafx/scene/control/Control;)V" line="286"><counter type="INSTRUCTION" missed="19" covered="0"/><counter type="BRANCH" missed="4" covered="0"/><counter type="LINE" missed="6" covered="0"/><counter type="COMPLEXITY" missed="3" covered="0"/><counter type="METHOD" missed="1" covered="0"/></method><method name="mostrarAlerta" desc="(Ljava/lang/String;Ljava/lang/String;Ljavafx/scene/control/Alert$AlertType;)V" line="295"><counter type="INSTRUCTION" missed="18" covered="0"/><counter type="LINE" missed="6" covered="0"/><counter type="COMPLEXITY" missed="1" covered="0"/><counter type="METHOD" missed="1" covered="0"/></method><method name="lambda$setupFieldListeners$2" desc="(Ljavafx/beans/value/ObservableValue;Ljava/lang/String;Ljava/lang/String;)V" line="71"><counter type="INSTRUCTION" missed="18" covered="0"/><counter type="BRANCH" missed="4" covered="0"/><counter type="LINE" missed="4" covered="0"/><counter type="COMPLEXITY" missed="3" covered="0"/><counter type="METHOD" missed="1" covered="0"/></method><method name="lambda$setupFieldListeners$1" desc="(Ljavafx/beans/value/ObservableValue;Ljava/lang/String;Ljava/lang/String;)V" line="62"><counter type="INSTRUCTION" missed="18" covered="0"/><counter type="BRANCH" missed="4" covered="0"/><counter type="LINE" missed="4" covered="0"/><counter type="COMPLEXITY" missed="3" covered="0"/><counter type="METHOD" missed="1" covered="0"/></method><method name="lambda$setupFieldListeners$0" desc="(Ljavafx/beans/value/ObservableValue;Ljava/lang/String;Ljava/lang/String;)V" line="53"><counter type="INSTRUCTION" missed="18" covered="0"/><counter type="BRANCH" missed="4" covered="0"/><counter type="LINE" missed="4" covered="0"/><counter type="COMPLEXITY" missed="3" covered="0"/><counter type="METHOD" missed="1" covered="0"/></method><counter type="INSTRUCTION" missed="658" covered="0"/><counter type="BRANCH" missed="53" covered="0"/><counter type="LINE" missed="164" covered="0"/><counter type="COMPLEXITY" missed="47" covered="0"/><counter type="METHOD" missed="18" covered="0"/><counter type="CLASS" missed="1" covered="0"/></class><class name="com/greenet/SettingsProfileController" sourcefilename="SettingsProfileController.java"><method name="&lt;init&gt;" desc="()V" line="15"><counter type="INSTRUCTION" missed="3" covered="0"/><counter type="LINE" missed="1" covered="0"/><counter type="COMPLEXITY" missed="1" covered="0"/><counter type="METHOD" missed="1" covered="0"/></method><method name="initialize" desc="()V" line="33"><counter type="INSTRUCTION" missed="3" covered="0"/><counter type="LINE" missed="2" covered="0"/><counter type="COMPLEXITY" missed="1" covered="0"/><counter type="METHOD" missed="1" covered="0"/></method><method name="configurarEventos" desc="()V" line="38"><counter type="INSTRUCTION" missed="28" covered="0"/><counter type="LINE" missed="7" covered="0"/><counter type="COMPLEXITY" missed="1" covered="0"/><counter type="METHOD" missed="1" covered="0"/></method><method name="setUsuarioActual" desc="(ILjava/lang/String;)V" line="54"><counter type="INSTRUCTION" missed="14" covered="0"/><counter type="LINE" missed="5" covered="0"/><counter type="COMPLEXITY" missed="1" covered="0"/><counter type="METHOD" missed="1" covered="0"/></method><method name="cargarDatosUsuario" desc="()V" line="65"><counter type="INSTRUCTION" missed="88" covered="0"/><counter type="BRANCH" missed="10" covered="0"/><counter type="LINE" missed="23" covered="0"/><counter type="COMPLEXITY" missed="6" covered="0"/><counter type="METHOD" missed="1" covered="0"/></method><method name="actualizarTelefono" desc="()V" line="107"><counter type="INSTRUCTION" missed="36" covered="0"/><counter type="BRANCH" missed="6" covered="0"/><counter type="LINE" missed="11" covered="0"/><counter type="COMPLEXITY" missed="4" covered="0"/><counter type="METHOD" missed="1" covered="0"/></method><method name="actualizarCorreo" desc="()V" line="132"><counter type="INSTRUCTION" missed="71" covered="0"/><counter type="BRANCH" missed="11" covered="0"/><counter type="LINE" missed="21" covered="0"/><counter type="COMPLEXITY" missed="8" covered="0"/><counter type="METHOD" missed="1" covered="0"/></method><method name="actualizarDireccion" desc="()V" line="171"><counter type="INSTRUCTION" missed="36" covered="0"/><counter type="BRANCH" missed="6" covered="0"/><counter type="LINE" missed="11" covered="0"/><counter type="COMPLEXITY" missed="4" covered="0"/><counter type="METHOD" missed="1" covered="0"/></method><method name="actualizarCampoUsuario" desc="(Ljava/lang/String;Ljava/lang/String;)Z" line="195"><counter type="INSTRUCTION" missed="61" covered="0"/><counter type="BRANCH" missed="6" covered="0"/><counter type="LINE" missed="15" covered="0"/><counter type="COMPLEXITY" missed="4" covered="0"/><counter type="METHOD" missed="1" covered="0"/></method><method name="volverAtras" desc="()V" line="241"><counter type="INSTRUCTION" missed="53" covered="0"/><counter type="LINE" missed="14" covered="0"/><counter type="COMPLEXITY" missed="1" covered="0"/><counter type="METHOD" missed="1" covered="0"/></method><method name="isValidEmail" desc="(Ljava/lang/String;)Z" line="263"><counter type="INSTRUCTION" missed="4" covered="0"/><counter type="LINE" missed="1" covered="0"/><counter type="COMPLEXITY" missed="1" covered="0"/><counter type="METHOD" missed="1" covered="0"/></method><method name="mostrarAlerta" desc="(Ljava/lang/String;Ljava/lang/String;)V" line="272"><counter type="INSTRUCTION" missed="38" covered="0"/><counter type="BRANCH" missed="4" covered="0"/><counter type="LINE" missed="10" covered="0"/><counter type="COMPLEXITY" missed="3" covered="0"/><counter type="METHOD" missed="1" covered="0"/></method><method name="lambda$configurarEventos$2" desc="(Ljavafx/event/ActionEvent;)V" line="40"><counter type="INSTRUCTION" missed="3" covered="0"/><counter type="LINE" missed="1" covered="0"/><counter type="COMPLEXITY" missed="1" covered="0"/><counter type="METHOD" missed="1" covered="0"/></method><method name="lambda$configurarEventos$1" desc="(Ljavafx/event/ActionEvent;)V" line="39"><counter type="INSTRUCTION" missed="3" covered="0"/><counter type="LINE" missed="1" covered="0"/><counter type="COMPLEXITY" missed="1" covered="0"/><counter type="METHOD" missed="1" covered="0"/></method><method name="lambda$configurarEventos$0" desc="(Ljavafx/event/ActionEvent;)V" line="38"><counter type="INSTRUCTION" missed="3" covered="0"/><counter type="LINE" missed="1" covered="0"/><counter type="COMPLEXITY" missed="1" covered="0"/><counter type="METHOD" missed="1" covered="0"/></method><counter type="INSTRUCTION" missed="444" covered="0"/><counter type="BRANCH" missed="43" covered="0"/><counter type="LINE" missed="121" covered="0"/><counter type="COMPLEXITY" missed="38" covered="0"/><counter type="METHOD" missed="15" covered="0"/><counter type="CLASS" missed="1" covered="0"/></class><class name="com/greenet/SMSDecorador" sourcefilename="SMSDecorador.java"><method name="&lt;init&gt;" desc="(Lcom/greenet/Notificacion;)V" line="15"><counter type="INSTRUCTION" missed="0" covered="7"/><counter type="LINE" missed="0" covered="3"/><counter type="COMPLEXITY" missed="0" covered="1"/><counter type="METHOD" missed="0" covered="1"/></method><method name="sendMessage" desc="(Ljava/lang/String;Ljava/lang/String;J)V" line="21"><counter type="INSTRUCTION" missed="19" covered="17"/><counter type="LINE" missed="3" covered="6"/><counter type="COMPLEXITY" missed="0" covered="1"/><counter type="METHOD" missed="0" covered="1"/></method><counter type="INSTRUCTION" missed="19" covered="24"/><counter type="LINE" missed="3" covered="9"/><counter type="COMPLEXITY" missed="0" covered="2"/><counter type="METHOD" missed="0" covered="2"/><counter type="CLASS" missed="0" covered="1"/></class><class name="com/greenet/Admin" sourcefilename="Admin.java"><method name="&lt;init&gt;" desc="(Ljava/lang/String;Ljava/lang/String;J)V" line="9"><counter type="INSTRUCTION" missed="0" covered="12"/><counter type="LINE" missed="0" covered="5"/><counter type="COMPLEXITY" missed="0" covered="1"/><counter type="METHOD" missed="0" covered="1"/></method><method name="actualizar" desc="(Ljava/lang/String;)V" line="17"><counter type="INSTRUCTION" missed="27" covered="0"/><counter type="LINE" missed="6" covered="0"/><counter type="COMPLEXITY" missed="1" covered="0"/><counter type="METHOD" missed="1" covered="0"/></method><counter type="INSTRUCTION" missed="27" covered="12"/><counter type="LINE" missed="6" covered="5"/><counter type="COMPLEXITY" missed="1" covered="1"/><counter type="METHOD" missed="1" covered="1"/><counter type="CLASS" missed="0" covered="1"/></class><class name="com/greenet/FachadaImagen" sourcefilename="FachadaImagen.java"><method name="&lt;init&gt;" desc="()V" line="11"><counter type="INSTRUCTION" missed="3" covered="0"/><counter type="LINE" missed="1" covered="0"/><counter type="COMPLEXITY" missed="1" covered="0"/><counter type="METHOD" missed="1" covered="0"/></method><method name="codificarImagenAString" desc="([B)Ljava/lang/String;" line="14"><counter type="INSTRUCTION" missed="11" covered="0"/><counter type="BRANCH" missed="4" covered="0"/><counter type="LINE" missed="3" covered="0"/><counter type="COMPLEXITY" missed="3" covered="0"/><counter type="METHOD" missed="1" covered="0"/></method><method name="decodificarStringAImagen" desc="(Ljava/lang/String;)[B" line="21"><counter type="INSTRUCTION" missed="12" covered="0"/><counter type="BRANCH" missed="4" covered="0"/><counter type="LINE" missed="3" covered="0"/><counter type="COMPLEXITY" missed="3" covered="0"/><counter type="METHOD" missed="1" covered="0"/></method><method name="convertirImageABytes" desc="(Ljavafx/scene/image/Image;)[B" line="28"><counter type="INSTRUCTION" missed="32" covered="0"/><counter type="BRANCH" missed="2" covered="0"/><counter type="LINE" missed="8" covered="0"/><counter type="COMPLEXITY" missed="2" covered="0"/><counter type="METHOD" missed="1" covered="0"/></method><method name="convertirBytesAImage" desc="([B)Ljavafx/scene/image/Image;" line="41"><counter type="INSTRUCTION" missed="27" covered="0"/><counter type="BRANCH" missed="4" covered="0"/><counter type="LINE" missed="7" covered="0"/><counter type="COMPLEXITY" missed="3" covered="0"/><counter type="METHOD" missed="1" covered="0"/></method><method name="base64ToImage" desc="(Ljava/lang/String;)Ljavafx/scene/image/Image;" line="52"><counter type="INSTRUCTION" missed="13" covered="0"/><counter type="BRANCH" missed="4" covered="0"/><counter type="LINE" missed="4" covered="0"/><counter type="COMPLEXITY" missed="3" covered="0"/><counter type="METHOD" missed="1" covered="0"/></method><counter type="INSTRUCTION" missed="98" covered="0"/><counter type="BRANCH" missed="18" covered="0"/><counter type="LINE" missed="26" covered="0"/><counter type="COMPLEXITY" missed="15" covered="0"/><counter type="METHOD" missed="6" covered="0"/><counter type="CLASS" missed="1" covered="0"/></class><class name="com/greenet/PublicacionTecnologia" sourcefilename="PublicacionTecnologia.java"><method name="&lt;init&gt;" desc="(Ljava/lang/String;Ljava/lang/String;Ljava/lang/String;ILjava/lang/String;Ljava/lang/String;Z)V" line="10"><counter type="INSTRUCTION" missed="0" covered="32"/><counter type="LINE" missed="0" covered="11"/><counter type="COMPLEXITY" missed="0" covered="1"/><counter type="METHOD" missed="0" covered="1"/></method><method name="getTitulo" desc="()Ljava/lang/String;" line="32"><counter type="INSTRUCTION" missed="0" covered="3"/><counter type="LINE" missed="0" covered="1"/><counter type="COMPLEXITY" missed="0" covered="1"/><counter type="METHOD" missed="0" covered="1"/></method><method name="getDescripcion" desc="()Ljava/lang/String;" line="33"><counter type="INSTRUCTION" missed="0" covered="3"/><counter type="LINE" missed="0" covered="1"/><counter type="COMPLEXITY" missed="0" covered="1"/><counter type="METHOD" missed="0" covered="1"/></method><method name="getCategoria" desc="()Ljava/lang/String;" line="34"><counter type="INSTRUCTION" missed="0" covered="3"/><counter type="LINE" missed="0" covered="1"/><counter type="COMPLEXITY" missed="0" covered="1"/><counter type="METHOD" missed="0" covered="1"/></method><method name="getImagen" desc="()Ljava/lang/String;" line="35"><counter type="INSTRUCTION" missed="0" covered="3"/><counter type="LINE" missed="0" covered="1"/><counter type="COMPLEXITY" missed="0" covered="1"/><counter type="METHOD" missed="0" covered="1"/></method><method name="getPublicadorId" desc="()I" line="36"><counter type="INSTRUCTION" missed="0" covered="3"/><counter type="LINE" missed="0" covered="1"/><counter type="COMPLEXITY" missed="0" covered="1"/><counter type="METHOD" missed="0" covered="1"/></method><method name="getEtiquetas" desc="()Ljava/util/List;" line="37"><counter type="INSTRUCTION" missed="0" covered="3"/><counter type="LINE" missed="0" covered="1"/><counter type="COMPLEXITY" missed="0" covered="1"/><counter type="METHOD" missed="0" covered="1"/></method><method name="setEtiquetas" desc="(Ljava/util/List;)V" line="38"><counter type="INSTRUCTION" missed="0" covered="4"/><counter type="LINE" missed="0" covered="1"/><counter type="COMPLEXITY" missed="0" covered="1"/><counter type="METHOD" missed="0" covered="1"/></method><method name="setNombreUsuario" desc="(Ljava/lang/String;)V" line="40"><counter type="INSTRUCTION" missed="0" covered="1"/><counter type="LINE" missed="0" covered="1"/><counter type="COMPLEXITY" missed="0" covered="1"/><counter type="METHOD" missed="0" covered="1"/></method><method name="getModelo" desc="()Ljava/lang/String;" line="42"><counter type="INSTRUCTION" missed="0" covered="3"/><counter type="LINE" missed="0" covered="1"/><counter type="COMPLEXITY" missed="0" covered="1"/><counter type="METHOD" missed="0" covered="1"/></method><method name="getMarca" desc="()Ljava/lang/String;" line="43"><counter type="INSTRUCTION" missed="0" covered="3"/><counter type="LINE" missed="0" covered="1"/><counter type="COMPLEXITY" missed="0" covered="1"/><counter type="METHOD" missed="0" covered="1"/></method><method name="isGarantia" desc="()Z" line="44"><counter type="INSTRUCTION" missed="0" covered="3"/><counter type="LINE" missed="0" covered="1"/><counter type="COMPLEXITY" missed="0" covered="1"/><counter type="METHOD" missed="0" covered="1"/></method><method name="aceptarVisita" desc="(Lcom/greenet/VisitorPublicaciones;)V" line="47"><counter type="INSTRUCTION" missed="0" covered="4"/><counter type="LINE" missed="0" covered="2"/><counter type="COMPLEXITY" missed="0" covered="1"/><counter type="METHOD" missed="0" covered="1"/></method><counter type="INSTRUCTION" missed="0" covered="68"/><counter type="LINE" missed="0" covered="24"/><counter type="COMPLEXITY" missed="0" covered="13"/><counter type="METHOD" missed="0" covered="13"/><counter type="CLASS" missed="0" covered="1"/></class><class name="com/greenet/WhatsAppDecorador" sourcefilename="WhatsAppDecorador.java"><method name="&lt;init&gt;" desc="(Lcom/greenet/Notificacion;)V" line="12"><counter type="INSTRUCTION" missed="7" covered="0"/><counter type="LINE" missed="3" covered="0"/><counter type="COMPLEXITY" missed="1" covered="0"/><counter type="METHOD" missed="1" covered="0"/></method><method name="sendMessage" desc="(Ljava/lang/String;Ljava/lang/String;J)V" line="20"><counter type="INSTRUCTION" missed="36" covered="0"/><counter type="LINE" missed="9" covered="0"/><counter type="COMPLEXITY" missed="1" covered="0"/><counter type="METHOD" missed="1" covered="0"/></method><counter type="INSTRUCTION" missed="43" covered="0"/><counter type="LINE" missed="12" covered="0"/><counter type="COMPLEXITY" missed="2" covered="0"/><counter type="METHOD" missed="2" covered="0"/><counter type="CLASS" missed="1" covered="0"/></class><class name="com/greenet/AbstractFactoryPublicacion" sourcefilename="AbstractFactoryPublicacion.java"/><class name="com/greenet/Publicacion" sourcefilename="Publicacion.java"/><class name="com/greenet/UploadMaterialController" sourcefilename="UploadMaterialController.java"><method name="&lt;init&gt;" desc="()V" line="21"><counter type="INSTRUCTION" missed="0" covered="3"/><counter type="LINE" missed="0" covered="1"/><counter type="COMPLEXITY" missed="0" covered="1"/><counter type="METHOD" missed="0" covered="1"/></method><method name="initialize" desc="()V" line="44"><counter type="INSTRUCTION" missed="0" covered="33"/><counter type="LINE" missed="0" covered="5"/><counter type="COMPLEXITY" missed="0" covered="1"/><counter type="METHOD" missed="0" covered="1"/></method><method name="setUsuarioActual" desc="(I)V" line="50"><counter type="INSTRUCTION" missed="8" covered="0"/><counter type="LINE" missed="3" covered="0"/><counter type="COMPLEXITY" missed="1" covered="0"/><counter type="METHOD" missed="1" covered="0"/></method><method name="mostrarCamposEspecificos" desc="(Ljava/lang/String;)V" line="54"><counter type="INSTRUCTION" missed="37" covered="0"/><counter type="BRANCH" missed="4" covered="0"/><counter type="LINE" missed="11" covered="0"/><counter type="COMPLEXITY" missed="4" covered="0"/><counter type="METHOD" missed="1" covered="0"/></method><method name="ocultarTodosLosCampos" desc="()V" line="70"><counter type="INSTRUCTION" missed="0" covered="25"/><counter type="LINE" missed="0" covered="7"/><counter type="COMPLEXITY" missed="0" covered="1"/><counter type="METHOD" missed="0" covered="1"/></method><method name="onUploadImage" desc="()V" line="80"><counter type="INSTRUCTION" missed="57" covered="0"/><counter type="BRANCH" missed="2" covered="0"/><counter type="LINE" missed="10" covered="0"/><counter type="COMPLEXITY" missed="2" covered="0"/><counter type="METHOD" missed="1" covered="0"/></method><method name="onSubmit" desc="()V" line="97"><counter type="INSTRUCTION" missed="136" covered="0"/><counter type="BRANCH" missed="16" covered="0"/><counter type="LINE" missed="32" covered="0"/><counter type="COMPLEXITY" missed="10" covered="0"/><counter type="METHOD" missed="1" covered="0"/></method><method name="crearPublicacion" desc="(ILjava/lang/String;Ljava/lang/String;Ljava/lang/String;Ljava/lang/String;ILjava/util/List;)I" line="150"><counter type="INSTRUCTION" missed="50" covered="0"/><counter type="BRANCH" missed="2" covered="0"/><counter type="LINE" missed="13" covered="0"/><counter type="COMPLEXITY" missed="2" covered="0"/><counter type="METHOD" missed="1" covered="0"/></method><method name="registrarPublicacionEnBD" desc="(Lcom/greenet/Publicacion;II)I" line="176"><counter type="INSTRUCTION" missed="239" covered="0"/><counter type="BRANCH" missed="22" covered="0"/><counter type="LINE" missed="57" covered="0"/><counter type="COMPLEXITY" missed="14" covered="0"/><counter type="METHOD" missed="1" covered="0"/></method><method name="obtenerParametrosEspecificos" desc="(Ljava/lang/String;)[Ljava/lang/String;" line="271"><counter type="INSTRUCTION" missed="57" covered="0"/><counter type="BRANCH" missed="4" covered="0"/><counter type="LINE" missed="10" covered="0"/><counter type="COMPLEXITY" missed="4" covered="0"/><counter type="METHOD" missed="1" covered="0"/></method><method name="onNewMaterial" desc="()V" line="288"><counter type="INSTRUCTION" missed="3" covered="0"/><counter type="LINE" missed="2" covered="0"/><counter type="COMPLEXITY" missed="1" covered="0"/><counter type="METHOD" missed="1" covered="0"/></method><method name="limpiarFormulario" desc="()V" line="292"><counter type="INSTRUCTION" missed="42" covered="0"/><counter type="LINE" missed="14" covered="0"/><counter type="COMPLEXITY" missed="1" covered="0"/><counter type="METHOD" missed="1" covered="0"/></method><method name="mostrarAlerta" desc="(Ljava/lang/String;Ljava/lang/String;)V" line="308"><counter type="INSTRUCTION" missed="18" covered="0"/><counter type="LINE" missed="6" covered="0"/><counter type="COMPLEXITY" missed="1" covered="0"/><counter type="METHOD" missed="1" covered="0"/></method><method name="onGoBack" desc="()V" line="318"><counter type="INSTRUCTION" missed="38" covered="0"/><counter type="LINE" missed="11" covered="0"/><counter type="COMPLEXITY" missed="1" covered="0"/><counter type="METHOD" missed="1" covered="0"/></method><method name="lambda$initialize$0" desc="(Ljavafx/beans/value/ObservableValue;Ljava/lang/String;Ljava/lang/String;)V" line="46"><counter type="INSTRUCTION" missed="4" covered="0"/><counter type="LINE" missed="1" covered="0"/><counter type="COMPLEXITY" missed="1" covered="0"/><counter type="METHOD" missed="1" covered="0"/></method><counter type="INSTRUCTION" missed="689" covered="61"/><counter type="BRANCH" missed="50" covered="0"/><counter type="LINE" missed="169" covered="13"/><counter type="COMPLEXITY" missed="42" covered="3"/><counter type="METHOD" missed="12" covered="3"/><counter type="CLASS" missed="0" covered="1"/></class><class name="com/greenet/NotificacionBase" sourcefilename="NotificacionBase.java"><method name="&lt;init&gt;" desc="()V" line="3"><counter type="INSTRUCTION" missed="3" covered="0"/><counter type="LINE" missed="1" covered="0"/><counter type="COMPLEXITY" missed="1" covered="0"/><counter type="METHOD" missed="1" covered="0"/></method><method name="sendMessage" desc="(Ljava/lang/String;Ljava/lang/String;J)V" line="7"><counter type="INSTRUCTION" missed="1" covered="0"/><counter type="LINE" missed="1" covered="0"/><counter type="COMPLEXITY" missed="1" covered="0"/><counter type="METHOD" missed="1" covered="0"/></method><method name="operation" desc="()V" line="11"><counter type="INSTRUCTION" missed="4" covered="0"/><counter type="LINE" missed="2" covered="0"/><counter type="COMPLEXITY" missed="1" covered="0"/><counter type="METHOD" missed="1" covered="0"/></method><counter type="INSTRUCTION" missed="8" covered="0"/><counter type="LINE" missed="4" covered="0"/><counter type="COMPLEXITY" missed="3" covered="0"/><counter type="METHOD" missed="3" covered="0"/><counter type="CLASS" missed="1" covered="0"/></class><class name="com/greenet/ProductSearchController" sourcefilename="ProductSearchController.java"><method name="&lt;init&gt;" desc="()V" line="24"><counter type="INSTRUCTION" missed="8" covered="0"/><counter type="LINE" missed="2" covered="0"/><counter type="COMPLEXITY" missed="1" covered="0"/><counter type="METHOD" missed="1" covered="0"/></method><method name="initialize" desc="()V" line="38"><counter type="INSTRUCTION" missed="17" covered="0"/><counter type="LINE" missed="5" covered="0"/><counter type="COMPLEXITY" missed="1" covered="0"/><counter type="METHOD" missed="1" covered="0"/></method><method name="actualizarCombo" desc="()V" line="45"><counter type="INSTRUCTION" missed="24" covered="0"/><counter type="BRANCH" missed="2" covered="0"/><counter type="LINE" missed="5" covered="0"/><counter type="COMPLEXITY" missed="2" covered="0"/><counter type="METHOD" missed="1" covered="0"/></method><method name="filtrarProductos" desc="()V" line="52"><counter type="INSTRUCTION" missed="44" covered="0"/><counter type="BRANCH" missed="6" covered="0"/><counter type="LINE" missed="9" covered="0"/><counter type="COMPLEXITY" missed="4" covered="0"/><counter type="METHOD" missed="1" covered="0"/></method><method name="abrirPreview" desc="()V" line="65"><counter type="INSTRUCTION" missed="85" covered="0"/><counter type="BRANCH" missed="4" covered="0"/><counter type="LINE" missed="25" covered="0"/><counter type="COMPLEXITY" missed="3" covered="0"/><counter type="METHOD" missed="1" covered="0"/></method><method name="onRefresh" desc="()V" line="101"><counter type="INSTRUCTION" missed="6" covered="0"/><counter type="LINE" missed="3" covered="0"/><counter type="COMPLEXITY" missed="1" covered="0"/><counter type="METHOD" missed="1" covered="0"/></method><method name="onBack" desc="()V" line="108"><counter type="INSTRUCTION" missed="38" covered="0"/><counter type="LINE" missed="11" covered="0"/><counter type="COMPLEXITY" missed="1" covered="0"/><counter type="METHOD" missed="1" covered="0"/></method><method name="mostrarAlerta" desc="(Ljava/lang/String;Ljava/lang/String;)V" line="126"><counter type="INSTRUCTION" missed="38" covered="0"/><counter type="BRANCH" missed="4" covered="0"/><counter type="LINE" missed="10" covered="0"/><counter type="COMPLEXITY" missed="3" covered="0"/><counter type="METHOD" missed="1" covered="0"/></method><method name="onSearch" desc="()V" line="142"><counter type="INSTRUCTION" missed="4" covered="0"/><counter type="LINE" missed="2" covered="0"/><counter type="COMPLEXITY" missed="1" covered="0"/><counter type="METHOD" missed="1" covered="0"/></method><method name="lambda$abrirPreview$0" desc="(Ljava/lang/String;Lcom/greenet/Publicacion;)Z" line="69"><counter type="INSTRUCTION" missed="5" covered="0"/><counter type="LINE" missed="1" covered="0"/><counter type="COMPLEXITY" missed="1" covered="0"/><counter type="METHOD" missed="1" covered="0"/></method><method name="lambda$initialize$1" desc="(Ljavafx/event/ActionEvent;)V" line="41"><counter type="INSTRUCTION" missed="3" covered="0"/><counter type="LINE" missed="1" covered="0"/><counter type="COMPLEXITY" missed="1" covered="0"/><counter type="METHOD" missed="1" covered="0"/></method><method name="lambda$initialize$0" desc="(Ljavafx/beans/value/ObservableValue;Ljava/lang/String;Ljava/lang/String;)V" line="40"><counter type="INSTRUCTION" missed="3" covered="0"/><counter type="LINE" missed="1" covered="0"/><counter type="COMPLEXITY" missed="1" covered="0"/><counter type="METHOD" missed="1" covered="0"/></method><counter type="INSTRUCTION" missed="275" covered="0"/><counter type="BRANCH" missed="16" covered="0"/><counter type="LINE" missed="72" covered="0"/><counter type="COMPLEXITY" missed="20" covered="0"/><counter type="METHOD" missed="12" covered="0"/><counter type="CLASS" missed="1" covered="0"/></class><class name="com/greenet/VisitorEtiquetado" sourcefilename="VisitorEtiquetado.java"><method name="&lt;init&gt;" desc="()V" line="6"><counter type="INSTRUCTION" missed="0" covered="3"/><counter type="LINE" missed="0" covered="1"/><counter type="COMPLEXITY" missed="0" covered="1"/><counter type="METHOD" missed="0" covered="1"/></method><method name="visitar" desc="(Lcom/greenet/PublicacionHogar;)V" line="10"><counter type="INSTRUCTION" missed="0" covered="49"/><counter type="BRANCH" missed="0" covered="8"/><counter type="LINE" missed="0" covered="11"/><counter type="COMPLEXITY" missed="0" covered="5"/><counter type="METHOD" missed="0" covered="1"/></method><method name="visitar" desc="(Lcom/greenet/PublicacionRopa;)V" line="29"><counter type="INSTRUCTION" missed="0" covered="49"/><counter type="BRANCH" missed="0" covered="8"/><counter type="LINE" missed="0" covered="11"/><counter type="COMPLEXITY" missed="0" covered="5"/><counter type="METHOD" missed="0" covered="1"/></method><method name="visitar" desc="(Lcom/greenet/PublicacionTecnologia;)V" line="48"><counter type="INSTRUCTION" missed="0" covered="56"/><counter type="BRANCH" missed="0" covered="10"/><counter type="LINE" missed="0" covered="13"/><counter type="COMPLEXITY" missed="0" covered="6"/><counter type="METHOD" missed="0" covered="1"/></method><counter type="INSTRUCTION" missed="0" covered="157"/><counter type="BRANCH" missed="0" covered="26"/><counter type="LINE" missed="0" covered="36"/><counter type="COMPLEXITY" missed="0" covered="17"/><counter type="METHOD" missed="0" covered="4"/><counter type="CLASS" missed="0" covered="1"/></class><class name="com/greenet/Suscribe" sourcefilename="Suscribe.java"/><class name="com/greenet/VisitorPublicaciones" sourcefilename="VisitorPublicaciones.java"/><class name="com/greenet/GreenetAplication" sourcefilename="GreenetAplication.java"><method name="&lt;init&gt;" desc="()V" line="9"><counter type="INSTRUCTION" missed="3" covered="0"/><counter type="LINE" missed="1" covered="0"/><counter type="COMPLEXITY" missed="1" covered="0"/><counter type="METHOD" missed="1" covered="0"/></method><method name="main" desc="([Ljava/lang/String;)V" line="13"><counter type="INSTRUCTION" missed="4" covered="0"/><counter type="LINE" missed="3" covered="0"/><counter type="COMPLEXITY" missed="1" covered="0"/><counter type="METHOD" missed="1" covered="0"/></method><method name="start" desc="(Ljavafx/stage/Stage;)V" line="21"><counter type="INSTRUCTION" missed="21" covered="0"/><counter type="LINE" missed="6" covered="0"/><counter type="COMPLEXITY" missed="1" covered="0"/><counter type="METHOD" missed="1" covered="0"/></method><method name="stop" desc="()V" line="44"><counter type="INSTRUCTION" missed="11" covered="0"/><counter type="LINE" missed="6" covered="0"/><counter type="COMPLEXITY" missed="1" covered="0"/><counter type="METHOD" missed="1" covered="0"/></method><counter type="INSTRUCTION" missed="39" covered="0"/><counter type="LINE" missed="16" covered="0"/><counter type="COMPLEXITY" missed="4" covered="0"/><counter type="METHOD" missed="4" covered="0"/><counter type="CLASS" missed="1" covered="0"/></class><class name="com/greenet/DatabaseConnection" sourcefilename="DatabaseConnection.java"><method name="&lt;init&gt;" desc="()V" line="36"><counter type="INSTRUCTION" missed="6" covered="0"/><counter type="LINE" missed="3" covered="0"/><counter type="COMPLEXITY" missed="1" covered="0"/><counter type="METHOD" missed="1" covered="0"/></method><method name="getInstance" desc="()Lcom/greenet/DatabaseConnection;" line="45"><counter type="INSTRUCTION" missed="8" covered="0"/><counter type="BRANCH" missed="2" covered="0"/><counter type="LINE" missed="3" covered="0"/><counter type="COMPLEXITY" missed="2" covered="0"/><counter type="METHOD" missed="1" covered="0"/></method><method name="getConnection" desc="()Ljava/sql/Connection;" line="56"><counter type="INSTRUCTION" missed="13" covered="18"/><counter type="BRANCH" missed="3" covered="3"/><counter type="LINE" missed="3" covered="6"/><counter type="COMPLEXITY" missed="2" covered="2"/><counter type="METHOD" missed="0" covered="1"/></method><method name="shutdown" desc="()V" line="76"><counter type="INSTRUCTION" missed="1" covered="0"/><counter type="LINE" missed="1" covered="0"/><counter type="COMPLEXITY" missed="1" covered="0"/><counter type="METHOD" missed="1" covered="0"/></method><method name="closeConnection" desc="()V" line="82"><counter type="INSTRUCTION" missed="17" covered="0"/><counter type="BRANCH" missed="2" covered="0"/><counter type="LINE" missed="8" covered="0"/><counter type="COMPLEXITY" missed="2" covered="0"/><counter type="METHOD" missed="1" covered="0"/></method><method name="resetInstance" desc="()V" line="97"><counter type="INSTRUCTION" missed="10" covered="0"/><counter type="BRANCH" missed="2" covered="0"/><counter type="LINE" missed="5" covered="0"/><counter type="COMPLEXITY" missed="2" covered="0"/><counter type="METHOD" missed="1" covered="0"/></method><method name="cleanup" desc="()V" line="108"><counter type="INSTRUCTION" missed="4" covered="0"/><counter type="LINE" missed="3" covered="0"/><counter type="COMPLEXITY" missed="1" covered="0"/><counter type="METHOD" missed="1" covered="0"/></method><method name="iniciarConsolaH2" desc="()V" line="118"><counter type="IN
[...]
0" mb="0" cb="0"/><line nr="85" mi="4" ci="0" mb="0" cb="0"/><line nr="86" mi="3" ci="0" mb="0" cb="0"/><line nr="87" mi="4" ci="0" mb="0" cb="0"/><line nr="89" mi="7" ci="0" mb="0" cb="0"/><line nr="91" mi="4" ci="0" mb="0" cb="0"/><line nr="92" mi="6" ci="0" mb="0" cb="0"/><line nr="93" mi="2" ci="0" mb="0" cb="0"/><line nr="94" mi="1" ci="0" mb="0" cb="0"/><line nr="95" mi="2" ci="0" mb="0" cb="0"/><line nr="96" mi="1" ci="0" mb="0" cb="0"/><line nr="97" mi="1" ci="0" mb="0" cb="0"/><line nr="101" mi="3" ci="0" mb="0" cb="0"/><line nr="102" mi="2" ci="0" mb="0" cb="0"/><line nr="103" mi="1" ci="0" mb="0" cb="0"/><line nr="108" mi="6" ci="0" mb="0" cb="0"/><line nr="109" mi="3" ci="0" mb="0" cb="0"/><line nr="112" mi="6" ci="0" mb="0" cb="0"/><line nr="113" mi="8" ci="0" mb="0" cb="0"/><line nr="114" mi="3" ci="0" mb="0" cb="0"/><line nr="116" mi="3" ci="0" mb="0" cb="0"/><line nr="117" mi="1" ci="0" mb="0" cb="0"/><line nr="118" mi="4" ci="0" mb="0" cb="0"/><line nr="119" mi="2" ci="0" mb="0" cb="0"/><line nr="120" mi="1" ci="0" mb="0" cb="0"/><line nr="121" mi="1" ci="0" mb="0" cb="0"/><line nr="126" mi="4" ci="0" mb="2" cb="0"/><line nr="127" mi="6" ci="0" mb="0" cb="0"/><line nr="128" mi="4" ci="0" mb="2" cb="0"/><line nr="129" mi="6" ci="0" mb="0" cb="0"/><line nr="131" mi="5" ci="0" mb="0" cb="0"/><line nr="134" mi="3" ci="0" mb="0" cb="0"/><line nr="135" mi="3" ci="0" mb="0" cb="0"/><line nr="136" mi="3" ci="0" mb="0" cb="0"/><line nr="137" mi="3" ci="0" mb="0" cb="0"/><line nr="138" mi="1" ci="0" mb="0" cb="0"/><line nr="142" mi="3" ci="0" mb="0" cb="0"/><line nr="143" mi="1" ci="0" mb="0" cb="0"/><counter type="INSTRUCTION" missed="275" covered="0"/><counter type="BRANCH" missed="16" covered="0"/><counter type="LINE" missed="72" covered="0"/><counter type="COMPLEXITY" missed="20" covered="0"/><counter type="METHOD" missed="12" covered="0"/><counter type="CLASS" missed="1" covered="0"/></sourcefile><sourcefile name="Notificacion.java"/><sourcefile name="Vista_Admin_BloqueosController.java"><line nr="21" mi="0" ci="2" mb="0" cb="0"/><line nr="22" mi="0" ci="4" mb="0" cb="0"/><line nr="43" mi="2" ci="0" mb="0" cb="0"/><line nr="44" mi="6" ci="0" mb="0" cb="0"/><line nr="45" mi="2" ci="0" mb="0" cb="0"/><line nr="46" mi="5" ci="0" mb="0" cb="0"/><line nr="48" mi="37" ci="0" mb="0" cb="0"/><line nr="53" mi="16" ci="0" mb="2" cb="0"/><line nr="54" mi="4" ci="0" mb="0" cb="0"/><line nr="55" mi="4" ci="0" mb="0" cb="0"/><line nr="56" mi="6" ci="0" mb="0" cb="0"/><line nr="58" mi="8" ci="0" mb="0" cb="0"/><line nr="59" mi="3" ci="0" mb="0" cb="0"/><line nr="60" mi="6" ci="0" mb="0" cb="0"/><line nr="64" mi="5" ci="0" mb="0" cb="0"/><line nr="65" mi="1" ci="0" mb="0" cb="0"/><line nr="69" mi="6" ci="0" mb="0" cb="0"/><line nr="70" mi="4" ci="0" mb="0" cb="0"/><line nr="71" mi="1" ci="0" mb="0" cb="0"/><line nr="75" mi="6" ci="0" mb="0" cb="0"/><line nr="76" mi="2" ci="0" mb="2" cb="0"/><line nr="77" mi="3" ci="0" mb="0" cb="0"/><line nr="78" mi="3" ci="0" mb="0" cb="0"/><line nr="79" mi="3" ci="0" mb="0" cb="0"/><line nr="81" mi="4" ci="0" mb="0" cb="0"/><line nr="82" mi="5" ci="0" mb="0" cb="0"/><line nr="83" mi="2" ci="0" mb="2" cb="0"/><line nr="84" mi="3" ci="0" mb="0" cb="0"/><line nr="85" mi="4" ci="0" mb="0" cb="0"/><line nr="86" mi="3" ci="0" mb="0" cb="0"/><line nr="87" mi="6" ci="0" mb="0" cb="0"/><line nr="91" mi="2" ci="0" mb="2" cb="0"/><line nr="92" mi="5" ci="0" mb="0" cb="0"/><line nr="93" mi="3" ci="0" mb="0" cb="0"/><line nr="94" mi="3" ci="0" mb="0" cb="0"/><line nr="95" mi="3" ci="0" mb="0" cb="0"/><line nr="98" mi="1" ci="0" mb="0" cb="0"/><line nr="102" mi="6" ci="0" mb="0" cb="0"/><line nr="103" mi="2" ci="0" mb="2" cb="0"/><line nr="105" mi="5" ci="0" mb="0" cb="0"/><line nr="106" mi="3" ci="0" mb="0" cb="0"/><line nr="107" mi="4" ci="0" mb="0" cb="0"/><line nr="108" mi="3" ci="0" mb="0" cb="0"/><line nr="109" mi="6" ci="0" mb="0" cb="0"/><line nr="112" mi="2" ci="0" mb="2" cb="0"/><line nr="113" mi="5" ci="0" mb="0" cb="0"/><line nr="114" mi="3" ci="0" mb="0" cb="0"/><line nr="115" mi="3" ci="0" mb="0" cb="0"/><line nr="116" mi="3" ci="0" mb="0" cb="0"/><line nr="120" mi="1" ci="0" mb="0" cb="0"/><line nr="123" mi="3" ci="0" mb="0" cb="0"/><line nr="125" mi="1" ci="0" mb="0" cb="0"/><line nr="129" mi="4" ci="0" mb="0" cb="0"/><line nr="130" mi="4" ci="0" mb="2" cb="0"/><line nr="131" mi="3" ci="0" mb="0" cb="0"/><line nr="133" mi="1" ci="0" mb="0" cb="0"/><line nr="138" mi="5" ci="0" mb="0" cb="0"/><line nr="139" mi="3" ci="0" mb="0" cb="0"/><line nr="140" mi="3" ci="0" mb="0" cb="0"/><line nr="141" mi="3" ci="0" mb="0" cb="0"/><line nr="143" mi="3" ci="0" mb="0" cb="0"/><line nr="145" mi="7" ci="0" mb="4" cb="0"/><line nr="147" mi="2" ci="0" mb="0" cb="0"/><line nr="148" mi="4" ci="0" mb="0" cb="0"/><line nr="149" mi="2" ci="0" mb="0" cb="0"/><line nr="151" mi="1" ci="0" mb="0" cb="0"/><line nr="154" mi="4" ci="0" mb="0" cb="0"/><line nr="156" mi="2" ci="0" mb="3" cb="0"/><line nr="157" mi="4" ci="0" mb="0" cb="0"/><line nr="158" mi="4" ci="0" mb="0" cb="0"/><line nr="159" mi="4" ci="0" mb="0" cb="0"/><line nr="161" mi="1" ci="0" mb="0" cb="0"/><line nr="164" mi="6" ci="0" mb="0" cb="0"/><line nr="165" mi="3" ci="0" mb="0" cb="0"/><line nr="168" mi="6" ci="0" mb="0" cb="0"/><line nr="169" mi="8" ci="0" mb="0" cb="0"/><line nr="170" mi="3" ci="0" mb="0" cb="0"/><line nr="172" mi="3" ci="0" mb="0" cb="0"/><line nr="174" mi="1" ci="0" mb="0" cb="0"/><line nr="175" mi="6" ci="0" mb="0" cb="0"/><line nr="176" mi="2" ci="0" mb="0" cb="0"/><line nr="177" mi="1" ci="0" mb="0" cb="0"/><line nr="178" mi="1" ci="0" mb="0" cb="0"/><line nr="183" mi="4" ci="0" mb="2" cb="0"/><line nr="184" mi="6" ci="0" mb="0" cb="0"/><line nr="185" mi="4" ci="0" mb="2" cb="0"/><line nr="186" mi="6" ci="0" mb="0" cb="0"/><line nr="188" mi="5" ci="0" mb="0" cb="0"/><line nr="191" mi="3" ci="0" mb="0" cb="0"/><line nr="192" mi="3" ci="0" mb="0" cb="0"/><line nr="193" mi="3" ci="0" mb="0" cb="0"/><line nr="194" mi="3" ci="0" mb="0" cb="0"/><line nr="195" mi="1" ci="0" mb="0" cb="0"/><line nr="198" mi="0" ci="3" mb="0" cb="0"/><line nr="199" mi="0" ci="1" mb="0" cb="0"/><counter type="INSTRUCTION" missed="369" covered="10"/><counter type="BRANCH" missed="25" covered="0"/><counter type="LINE" missed="91" covered="4"/><counter type="COMPLEXITY" missed="23" covered="2"/><counter type="METHOD" missed="10" covered="2"/><counter type="CLASS" missed="0" covered="1"/></sourcefile><sourcefile name="BaseDecorador.java"><line nr="5" mi="0" ci="2" mb="0" cb="0"/><line nr="6" mi="0" ci="3" mb="0" cb="0"/><line nr="7" mi="0" ci="1" mb="0" cb="0"/><line nr="11" mi="0" ci="3" mb="1" cb="1"/><line nr="12" mi="0" ci="6" mb="0" cb="0"/><line nr="14" mi="0" ci="1" mb="0" cb="0"/><line nr="18" mi="3" ci="0" mb="2" cb="0"/><line nr="19" mi="3" ci="0" mb="0" cb="0"/><line nr="21" mi="1" ci="0" mb="0" cb="0"/><counter type="INSTRUCTION" missed="7" covered="16"/><counter type="BRANCH" missed="3" covered="1"/><counter type="LINE" missed="3" covered="6"/><counter type="COMPLEXITY" missed="3" covered="2"/><counter type="METHOD" missed="1" covered="2"/><counter type="CLASS" missed="0" covered="1"/></sourcefile><sourcefile name="homeController.java"><line nr="21" mi="0" ci="3" mb="0" cb="0"/><line nr="39" mi="0" ci="3" mb="0" cb="0"/><line nr="40" mi="0" ci="3" mb="0" cb="0"/><line nr="41" mi="0" ci="5" mb="0" cb="0"/><line nr="42" mi="0" ci="1" mb="0" cb="0"/><line nr="46" mi="3" ci="0" mb="0" cb="0"/><line nr="49" mi="8" ci="0" mb="0" cb="0"/><line nr="50" mi="7" ci="0" mb="0" cb="0"/><line nr="51" mi="6" ci="0" mb="0" cb="0"/><line nr="52" mi="3" ci="0" mb="0" cb="0"/><line nr="53" mi="3" ci="0" mb="0" cb="0"/><line nr="54" mi="2" ci="0" mb="0" cb="0"/><line nr="55" mi="1" ci="0" mb="0" cb="0"/><line nr="56" mi="2" ci="0" mb="0" cb="0"/><line nr="57" mi="1" ci="0" mb="0" cb="0"/><line nr="58" mi="1" ci="0" mb="0" cb="0"/><line nr="62" mi="3" ci="0" mb="0" cb="0"/><line nr="65" mi="8" ci="0" mb="0" cb="0"/><line nr="66" mi="7" ci="0" mb="0" cb="0"/><line nr="68" mi="4" ci="0" mb="0" cb="0"/><line nr="69" mi="4" ci="0" mb="0" cb="0"/><line nr="70" mi="6" ci="0" mb="0" cb="0"/><line nr="71" mi="3" ci="0" mb="0" cb="0"/><line nr="72" mi="3" ci="0" mb="0" cb="0"/><line nr="73" mi="2" ci="0" mb="0" cb="0"/><line nr="74" mi="1" ci="0" mb="0" cb="0"/><line nr="75" mi="2" ci="0" mb="0" cb="0"/><line nr="76" mi="1" ci="0" mb="0" cb="0"/><line nr="77" mi="1" ci="0" mb="0" cb="0"/><line nr="81" mi="3" ci="0" mb="0" cb="0"/><line nr="82" mi="7" ci="0" mb="0" cb="0"/><line nr="85" mi="8" ci="0" mb="0" cb="0"/><line nr="86" mi="4" ci="0" mb="0" cb="0"/><line nr="87" mi="4" ci="0" mb="0" cb="0"/><line nr="88" mi="6" ci="0" mb="0" cb="0"/><line nr="89" mi="6" ci="0" mb="0" cb="0"/><line nr="90" mi="8" ci="0" mb="0" cb="0"/><line nr="91" mi="3" ci="0" mb="0" cb="0"/><line nr="92" mi="2" ci="0" mb="0" cb="0"/><line nr="94" mi="1" ci="0" mb="0" cb="0"/><line nr="95" mi="2" ci="0" mb="0" cb="0"/><line nr="96" mi="1" ci="0" mb="0" cb="0"/><line nr="97" mi="1" ci="0" mb="0" cb="0"/><line nr="101" mi="5" ci="0" mb="0" cb="0"/><line nr="102" mi="3" ci="0" mb="0" cb="0"/><line nr="103" mi="3" ci="0" mb="0" cb="0"/><line nr="104" mi="3" ci="0" mb="0" cb="0"/><line nr="106" mi="3" ci="0" mb="0" cb="0"/><line nr="108" mi="7" ci="0" mb="4" cb="0"/><line nr="110" mi="2" ci="0" mb="0" cb="0"/><line nr="111" mi="4" ci="0" mb="0" cb="0"/><line nr="112" mi="2" ci="0" mb="0" cb="0"/><line nr="114" mi="1" ci="0" mb="0" cb="0"/><line nr="117" mi="4" ci="0" mb="0" cb="0"/><line nr="119" mi="2" ci="0" mb="3" cb="0"/><line nr="120" mi="6" ci="0" mb="0" cb="0"/><line nr="121" mi="4" ci="0" mb="0" cb="0"/><line nr="122" mi="4" ci="0" mb="0" cb="0"/><line nr="124" mi="1" ci="0" mb="0" cb="0"/><line nr="127" mi="0" ci="6" mb="0" cb="0"/><line nr="128" mi="0" ci="3" mb="0" cb="0"/><line nr="131" mi="6" ci="0" mb="0" cb="0"/><line nr="132" mi="8" ci="0" mb="0" cb="0"/><line nr="133" mi="3" ci="0" mb="0" cb="0"/><line nr="135" mi="3" ci="0" mb="0" cb="0"/><line nr="137" mi="0" ci="1" mb="0" cb="0"/><line nr="138" mi="0" ci="6" mb="0" cb="0"/><line nr="139" mi="0" ci="2" mb="0" cb="0"/><line nr="140" mi="1" ci="0" mb="0" cb="0"/><line nr="141" mi="0" ci="1" mb="0" cb="0"/><line nr="145" mi="0" ci="4" mb="0" cb="2"/><line nr="146" mi="0" ci="6" mb="0" cb="0"/><line nr="147" mi="0" ci="4" mb="1" cb="1"/><line nr="148" mi="0" ci="6" mb="0" cb="0"/><line nr="150" mi="5" ci="0" mb="0" cb="0"/><line nr="153" mi="0" ci="3" mb="0" cb="0"/><line nr="154" mi="0" ci="3" mb="0" cb="0"/><line nr="155" mi="0" ci="3" mb="0" cb="0"/><line nr="156" mi="0" ci="3" mb="0" cb="0"/><line nr="157" mi="0" ci="1" mb="0" cb="0"/><counter type="INSTRUCTION" missed="218" covered="67"/><counter type="BRANCH" missed="8" covered="3"/><counter type="LINE" missed="60" covered="20"/><counter type="COMPLEXITY" missed="10" covered="5"/><counter type="METHOD" missed="5" covered="4"/><counter type="CLASS" missed="0" covered="1"/></sourcefile><sourcefile name="VisitorValidaciones.java"><line nr="3" mi="0" ci="2" mb="0" cb="0"/><line nr="4" mi="0" ci="3" mb="0" cb="0"/><line nr="5" mi="0" ci="4" mb="0" cb="0"/><line nr="9" mi="0" ci="7" mb="0" cb="4"/><line nr="10" mi="0" ci="4" mb="0" cb="0"/><line nr="11" mi="0" ci="7" mb="0" cb="4"/><line nr="12" mi="0" ci="4" mb="0" cb="0"/><line nr="13" mi="0" ci="7" mb="0" cb="4"/><line nr="14" mi="0" ci="4" mb="0" cb="0"/><line nr="15" mi="0" ci="7" mb="0" cb="4"/><line nr="16" mi="0" ci="3" mb="0" cb="0"/><line nr="17" mi="0" ci="1" mb="0" cb="0"/><line nr="21" mi="0" ci="7" mb="1" cb="3"/><line nr="22" mi="0" ci="4" mb="0" cb="0"/><line nr="23" mi="0" ci="7" mb="0" cb="4"/><line nr="24" mi="0" ci="4" mb="0" cb="0"/><line nr="25" mi="0" ci="7" mb="1" cb="3"/><line nr="26" mi="0" ci="3" mb="0" cb="0"/><line nr="27" mi="0" ci="1" mb="0" cb="0"/><line nr="31" mi="0" ci="7" mb="1" cb="3"/><line nr="32" mi="0" ci="4" mb="0" cb="0"/><line nr="33" mi="0" ci="7" mb="0" cb="4"/><line nr="34" mi="0" ci="4" mb="0" cb="0"/><line nr="35" mi="0" ci="7" mb="0" cb="4"/><line nr="36" mi="0" ci="4" mb="0" cb="0"/><line nr="37" mi="0" ci="7" mb="0" cb="4"/><line nr="38" mi="0" ci="3" mb="0" cb="0"/><line nr="39" mi="0" ci="1" mb="0" cb="0"/><line nr="42" mi="0" ci="3" mb="0" cb="0"/><line nr="43" mi="0" ci="3" mb="0" cb="0"/><line nr="44" mi="0" ci="1" mb="0" cb="0"/><line nr="47" mi="0" ci="3" mb="0" cb="0"/><line nr="51" mi="0" ci="3" mb="0" cb="0"/><counter type="INSTRUCTION" missed="0" covered="143"/><counter type="BRANCH" missed="3" covered="41"/><counter type="LINE" missed="0" covered="33"/><counter type="COMPLEXITY" missed="3" covered="26"/><counter type="METHOD" missed="0" covered="7"/><counter type="CLASS" missed="0" covered="1"/></sourcefile><sourcefile name="FachadaImagen.java"><line nr="11" mi="3" ci="0" mb="0" cb="0"/><line nr="14" mi="5" ci="0" mb="4" cb="0"/><line nr="15" mi="2" ci="0" mb="0" cb="0"/><line nr="17" mi="4" ci="0" mb="0" cb="0"/><line nr="21" mi="5" ci="0" mb="4" cb="0"/><line nr="22" mi="3" ci="0" mb="0" cb="0"/><line nr="24" mi="4" ci="0" mb="0" cb="0"/><line nr="28" mi="5" ci="0" mb="2" cb="0"/><line nr="30" mi="4" ci="0" mb="0" cb="0"/><line nr="31" mi="4" ci="0" mb="0" cb="0"/><line nr="32" mi="5" ci="0" mb="0" cb="0"/><line nr="33" mi="5" ci="0" mb="0" cb="0"/><line nr="34" mi="1" ci="0" mb="0" cb="0"/><line nr="35" mi="5" ci="0" mb="0" cb="0"/><line nr="36" mi="3" ci="0" mb="0" cb="0"/><line nr="41" mi="5" ci="0" mb="4" cb="0"/><line nr="42" mi="2" ci="0" mb="0" cb="0"/><line nr="44" mi="5" ci="0" mb="0" cb="0"/><line nr="45" mi="7" ci="0" mb="0" cb="0"/><line nr="46" mi="1" ci="0" mb="0" cb="0"/><line nr="47" mi="5" ci="0" mb="0" cb="0"/><line nr="48" mi="2" ci="0" mb="0" cb="0"/><line nr="52" mi="5" ci="0" mb="4" cb="0"/><line nr="53" mi="2" ci="0" mb="0" cb="0"/><line nr="55" mi="3" ci="0" mb="0" cb="0"/><line nr="56" mi="3" ci="0" mb="0" cb="0"/><counter type="INSTRUCTION" missed="98" covered="0"/><counter type="BRANCH" missed="18" covered="0"/><counter type="LINE" missed="26" covered="0"/><counter type="COMPLEXITY" missed="15" covered="0"/><counter type="METHOD" missed="6" covered="0"/><counter type="CLASS" missed="1" covered="0"/></sourcefile><sourcefile name="VisitorPublicaciones.java"/><sourcefile name="Publicacion.java"/><sourcefile name="GreenetAplication.java"><line nr="9" mi="3" ci="0" mb="0" cb="0"/><line nr="13" mi="1" ci="0" mb="0" cb="0"/><line nr="16" mi="2" ci="0" mb="0" cb="0"/><line nr="17" mi="1" ci="0" mb="0" cb="0"/><line nr="21" mi="3" ci="0" mb="0" cb="0"/><line nr="25" mi="7" ci="0" mb="0" cb="0"/><line nr="26" mi="5" ci="0" mb="0" cb="0"/><line nr="27" mi="3" ci="0" mb="0" cb="0"/><line nr="28" mi="2" ci="0" mb="0" cb="0"/><line nr="40" mi="1" ci="0" mb="0" cb="0"/><line nr="44" mi="3" ci="0" mb="0" cb="0"/><line nr="47" mi="1" ci="0" mb="0" cb="0"/><line nr="50" mi="1" ci="0" mb="0" cb="0"/><line nr="52" mi="2" ci="0" mb="0" cb="0"/><line nr="54" mi="3" ci="0" mb="0" cb="0"/><line nr="55" mi="1" ci="0" mb="0" cb="0"/><counter type="INSTRUCTION" missed="39" covered="0"/><counter type="LINE" missed="16" covered="0"/><counter type="COMPLEXITY" missed="4" covered="0"/><counter type="METHOD" missed="4" covered="0"/><counter type="CLASS" missed="1" covered="0"/></sourcefile><counter type="INSTRUCTION" missed="3508" covered="1037"/><counter type="BRANCH" missed="263" covered="84"/><counter type="LINE" missed="930" covered="278"/><counter type="COMPLEXITY" missed="260" covered="120"/><counter type="METHOD" missed="112" covered="81"/><counter type="CLASS" missed="8" covered="17"/></package><package name="com/greenet/metricas"><class name="com/greenet/metricas/MetricsCalculator" sourcefilename="MetricsCalculator.java"><method name="&lt;init&gt;" desc="()V" line="6"><counter type="INSTRUCTION" missed="3" covered="0"/><counter type="LINE" missed="1" covered="0"/><counter type="COMPLEXITY" missed="1" covered="0"/><counter type="METHOD" missed="1" covered="0"/></method><method name="calcularComplejidadCiclomatica" desc="(Ljava/io/File;)I" line="9"><counter type="INSTRUCTION" missed="32" covered="0"/><counter type="BRANCH" missed="4" covered="0"/><counter type="LINE" missed="10" covered="0"/><counter type="COMPLEXITY" missed="3" covered="0"/><counter type="METHOD" missed="1" covered="0"/></method><method name="contarLineasArchivo" desc="(Ljava/io/File;)J" line="24"><counter type="INSTRUCTION" missed="22" covered="0"/><counter type="BRANCH" missed="2" covered="0"/><counter type="LINE" missed="6" covered="0"/><counter type="COMPLEXITY" missed="2" covered="0"/><counter type="METHOD" missed="1" covered="0"/></method><method name="analizarCarpeta" desc="(Ljava/io/File;)V" line="34"><counter type="INSTRUCTION" missed="55" covered="0"/><counter type="BRANCH" missed="8" covered="0"/><counter type="LINE" missed="14" covered="0"/><counter type="COMPLEXITY" missed="5" covered="0"/><counter type="METHOD" missed="1" covered="0"/></method><method name="main" desc="([Ljava/lang/String;)V" line="55"><counter type="INSTRUCTION" missed="8" covered="0"/><counter type="LINE" missed="3" covered="0"/><counter type="COMPLEXITY" missed="1" covered="0"/><counter type="METHOD" missed="1" covered="0"/></method><counter type="INSTRUCTION" missed="120" covered="0"/><counter type="BRANCH" missed="14" covered="0"/><counter type="LINE" missed="34" covered="0"/><counter type="COMPLEXITY" missed="12" covered="0"/><counter type="METHOD" missed="5" covered="0"/><counter type="CLASS" missed="1" covered="0"/></class><sourcefile name="MetricsCalculator.java"><line nr="6" mi="3" ci="0" mb="0" cb="0"/><line nr="9" mi="2" ci="0" mb="0" cb="0"/><line nr="10" mi="3" ci="0" mb="0" cb="0"/><line nr="11" mi="8" ci="0" mb="0" cb="0"/><line nr="13" mi="5" ci="0" mb="2" cb="0"/><line nr="14" mi="4" ci="0" mb="0" cb="0"/><line nr="15" mi="3" ci="0" mb="2" cb="0"/><line nr="16" mi="2" ci="0" mb="0" cb="0"/><line nr="18" mi="1" ci="0" mb="0" cb="0"/><line nr="19" mi="2" ci="0" mb="0" cb="0"/><line nr="20" mi="2" ci="0" mb="0" cb="0"/><line nr="24" mi="2" ci="0" mb="0" cb="0"/><line nr="25" mi="8" ci="0" mb="0" cb="0"/><line nr="26" mi="3" ci="0" mb="2" cb="0"/><line nr="27" mi="5" ci="0" mb="0" cb="0"/><line nr="29" mi="2" ci="0" mb="0" cb="0"/><line nr="30" mi="2" ci="0" mb="0" cb="0"/><line nr="34" mi="3" ci="0" mb="0" cb="0"/><line nr="35" mi="2" ci="0" mb="2" cb="0"/><line nr="36" mi="1" ci="0" mb="0" cb="0"/><line nr="38" mi="16" ci="0" mb="2" cb="0"/><line nr="39" mi="3" ci="0" mb="2" cb="0"/><line nr="40" mi="3" ci="0" mb="0" cb="0"/><line nr="42" mi="5" ci="0" mb="2" cb="0"/><line nr="43" mi="3" ci="0" mb="0" cb="0"/><line nr="44" mi="3" ci="0" mb="0" cb="0"/><line nr="45" mi="5" ci="0" mb="0" cb="0"/><line nr="46" mi="4" ci="0" mb="0" cb="0"/><line nr="47" mi="4" ci="0" mb="0" cb="0"/><line nr="48" mi="2" ci="0" mb="0" cb="0"/><line nr="52" mi="1" ci="0" mb="0" cb="0"/><line nr="55" mi="5" ci="0" mb="0" cb="0"/><line nr="56" mi="2" ci="0" mb="0" cb="0"/><line nr="57" mi="1" ci="0" mb="0" cb="0"/><counter type="INSTRUCTION" missed="120" covered="0"/><counter type="BRANCH" missed="14" covered="0"/><counter type="LINE" missed="34" covered="0"/><counter type="COMPLEXITY" missed="12" covered="0"/><counter type="METHOD" missed="5" covered="0"/><counter type="CLASS" missed="1" covered="0"/></sourcefile><counter type="INSTRUCTION" missed="120" covered="0"/><counter type="BRANCH" missed="14" covered="0"/><counter type="LINE" missed="34" covered="0"/><counter type="COMPLEXITY" missed="12" covered="0"/><counter type="METHOD" missed="5" covered="0"/><counter type="CLASS" missed="1" covered="0"/></package><counter type="INSTRUCTION" missed="4628" covered="1071"/><counter type="BRANCH" missed="400" covered="88"/><counter type="LINE" missed="1229" covered="287"/><counter type="COMPLEXITY" missed="353" covered="121"/><counter type="METHOD" missed="132" covered="82"/><counter type="CLASS" missed="9" covered="18"/></report>