-------------------------------------------------------------------------------
Test set: com.greenet.SignupControllerTest
-------------------------------------------------------------------------------
Tests run: 5, Failures: 1, Errors: 1, Skipped: 0, Time elapsed: 0.037 s <<< FAILURE! -- in com.greenet.SignupControllerTest
com.greenet.SignupControllerTest.testValidacionesDirectas -- Time elapsed: 0.002 s <<< FAILURE!
org.opentest4j.AssertionFailedError: expected: <true> but was: <false>
	at org.junit.jupiter.api.AssertionFailureBuilder.build(AssertionFailureBuilder.java:151)
	at org.junit.jupiter.api.AssertionFailureBuilder.buildAndThrow(AssertionFailureBuilder.java:132)
	at org.junit.jupiter.api.AssertTrue.failNotTrue(AssertTrue.java:63)
	at org.junit.jupiter.api.AssertTrue.assertTrue(AssertTrue.java:36)
	at org.junit.jupiter.api.AssertTrue.assertTrue(AssertTrue.java:31)
	at org.junit.jupiter.api.Assertions.assertTrue(Assertions.java:183)
	at com.greenetaplication@1.0-SNAPSHOT/com.greenet.SignupControllerTest.testValidacionesDirectas(SignupControllerTest.java:48)
	at java.base/java.lang.reflect.Method.invoke(Method.java:565)
	at java.base/java.util.ArrayList.forEach(ArrayList.java:1604)
	at java.base/java.util.ArrayList.forEach(ArrayList.java:1604)

com.greenet.SignupControllerTest.testValidacionesConReflection -- Time elapsed: 0.006 s <<< ERROR!
java.lang.NoSuchMethodException: com.greenet.SignupController.isValidTipoDoc(java.lang.String)
	at java.base/java.lang.Class.getDeclaredMethod(Class.java:2424)
	at com.greenetaplication@1.0-SNAPSHOT/com.greenet.SignupControllerTest.testValidacionesConReflection(SignupControllerTest.java:35)
	at java.base/java.lang.reflect.Method.invoke(Method.java:565)
	at java.base/java.util.ArrayList.forEach(ArrayList.java:1604)
	at java.base/java.util.ArrayList.forEach(ArrayList.java:1604)

