<?xml version="1.0" encoding="UTF-8"?>
<testsuite xmlns:xsi="http://www.w3.org/2001/XMLSchema-instance" xsi:noNamespaceSchemaLocation="https://maven.apache.org/surefire/maven-surefire-plugin/xsd/surefire-test-report-3.0.xsd" version="3.0" name="com.greenet.AdminTest" time="0.038" tests="7" errors="0" skipped="0" failures="0">
  <properties>
[...]
</properties>
  <testcase name="testActualizarCorreoNulo" classname="com.greenet.AdminTest" time="0.021"/>
  <testcase name="testActualizarEjecutaDecoradores" classname="com.greenet.AdminTest" time="0.0"/>
  <testcase name="testActualizarNombreVacio" classname="com.greenet.AdminTest" time="0.002"/>
  <testcase name="testActualizarMensajeVacio" classname="com.greenet.AdminTest" time="0.002"/>
  <testcase name="testActualizarMultiplesMensajes" classname="com.greenet.AdminTest" time="0.002"/>
  <testcase name="testActualizarTelefonoCero" classname="com.greenet.AdminTest" time="0.001"/>
  <testcase name="testActualizarConCaracteresEspeciales" classname="com.greenet.AdminTest" time="0.001"/>
</testsuite>