<?xml version="1.0" encoding="UTF-8"?>
<testsuite xmlns:xsi="http://www.w3.org/2001/XMLSchema-instance" xsi:noNamespaceSchemaLocation="https://maven.apache.org/surefire/maven-surefire-plugin/xsd/surefire-test-report-3.0.xsd" version="3.0" name="com.greenet.service.UsuarioServiceTest" time="24.558" tests="32" errors="0" skipped="0" failures="0">
  <properties>
[...]
</properties>
  <testcase name="testRegistrarUsuario_RolInvalido" classname="com.greenet.service.UsuarioServiceTest" time="0.001"/>
  <testcase name="testObtenerUsuariosRestringidos" classname="com.greenet.service.UsuarioServiceTest" time="0.122">
    <system-out><![CDATA[
╔════════════════════════════════════════════════════════╗
║        🌐 CONSOLA H2 INICIADA                         ║
╠════════════════════════════════════════════════════════╣
║  URL:      http://localhost:8082                       ║
║  JDBC URL: jdbc:h2:file:C:/Users/57316/Desktop/PROYECTO FIS-2530/FIS_2530_G5/./data/greenet
║  Usuario:  sa                                          ║
╚════════════════════════════════════════════════════════╝

]]></system-out>
  </testcase>
  <testcase name="testMapeoTiposDocumentoInvalidos" classname="com.greenet.service.UsuarioServiceTest" time="0.002"/>
  <testcase name="testRegistrarUsuario_TipoDocumentoInvalido" classname="com.greenet.service.UsuarioServiceTest" time="0.001"/>
  <testcase name="testBuscarDescripcion_TituloNulo" classname="com.greenet.service.UsuarioServiceTest" time="0.08">
    <system-out><![CDATA[⚠️ Consola H2 ya está iniciada en puerto 8082
]]></system-out>
  </testcase>
  <testcase name="testMapeoTiposDocumentoValidos" classname="com.greenet.service.UsuarioServiceTest" time="2.262">
    <system-out><![CDATA[⚠️ Consola H2 ya está iniciada en puerto 8082
⚠️ Consola H2 ya está iniciada en puerto 8082
⚠️ Consola H2 ya está iniciada en puerto 8082
⚠️ Consola H2 ya está iniciada en puerto 8082
⚠️ Consola H2 ya está iniciada en puerto 8082
⚠️ Consola H2 ya está iniciada en puerto 8082
⚠️ Consola H2 ya está iniciada en puerto 8082
⚠️ Consola H2 ya está iniciada en puerto 8082
]]></system-out>
  </testcase>
  <testcase name="testConsultarProductosDisponibles_CubreSwitch" classname="com.greenet.service.UsuarioServiceTest" time="0.296">
    <system-out><![CDATA[⚠️ Consola H2 ya está iniciada en puerto 8082
]]></system-out>
  </testcase>
  <testcase name="testActualizarCorreo_ValidacionFormato" classname="com.greenet.service.UsuarioServiceTest" time="0.285">
    <system-out><![CDATA[⚠️ Consola H2 ya está iniciada en puerto 8082
]]></system-out>
  </testcase>
  <testcase name="testEmailRegexValidos" classname="com.greenet.service.UsuarioServiceTest" time="0.002"/>
  <testcase name="testRegistrarUsuario_InsercionExitosa" classname="com.greenet.service.UsuarioServiceTest" time="0.307">
    <system-out><![CDATA[⚠️ Consola H2 ya está iniciada en puerto 8082
]]></system-out>
  </testcase>
  <testcase name="testMapeoRolesValidos" classname="com.greenet.service.UsuarioServiceTest" time="1.415">
    <system-out><![CDATA[⚠️ Consola H2 ya está iniciada en puerto 8082
⚠️ Consola H2 ya está iniciada en puerto 8082
⚠️ Consola H2 ya está iniciada en puerto 8082
⚠️ Consola H2 ya está iniciada en puerto 8082
⚠️ Consola H2 ya está iniciada en puerto 8082
]]></system-out>
  </testcase>
  <testcase name="testBuscarNombrePorId_IdInvalido" classname="com.greenet.service.UsuarioServiceTest" time="0.272">
    <system-out><![CDATA[⚠️ Consola H2 ya está iniciada en puerto 8082
]]></system-out>
  </testcase>
  <testcase name="testBuscarPublicadorId_TituloNulo" classname="com.greenet.service.UsuarioServiceTest" time="0.289">
    <system-out><![CDATA[⚠️ Consola H2 ya está iniciada en puerto 8082
]]></system-out>
  </testcase>
  <testcase name="testIniciarSesion_CredencialesValidas" classname="com.greenet.service.UsuarioServiceTest" time="0.289">
    <system-out><![CDATA[⚠️ Consola H2 ya está iniciada en puerto 8082
✅ Sesión iniciada para usuario ID: 3
]]></system-out>
  </testcase>
  <testcase name="testVerificarAdmin_IdInvalido" classname="com.greenet.service.UsuarioServiceTest" time="0.317">
    <system-out><![CDATA[⚠️ Consola H2 ya está iniciada en puerto 8082
]]></system-out>
  </testcase>
  <testcase name="testEjecucionMasivaParaWhile" classname="com.greenet.service.UsuarioServiceTest" time="2.822">
    <system-out><![CDATA[⚠️ Consola H2 ya está iniciada en puerto 8082
Ejecución 0 completada
⚠️ Consola H2 ya está iniciada en puerto 8082
Ejecución 1 completada
⚠️ Consola H2 ya está iniciada en puerto 8082
Ejecución 2 completada
⚠️ Consola H2 ya está iniciada en puerto 8082
Ejecución 3 completada
⚠️ Consola H2 ya está iniciada en puerto 8082
Ejecución 4 completada
⚠️ Consola H2 ya está iniciada en puerto 8082
Ejecución 5 completada
⚠️ Consola H2 ya está iniciada en puerto 8082
Ejecución 6 completada
⚠️ Consola H2 ya está iniciada en puerto 8082
Ejecución 7 completada
⚠️ Consola H2 ya está iniciada en puerto 8082
Ejecución 8 completada
⚠️ Consola H2 ya está iniciada en puerto 8082
Ejecución 9 completada
]]></system-out>
  </testcase>
  <testcase name="testRegistrarUsuario_DiferentesTiposDoc" classname="com.greenet.service.UsuarioServiceTest" time="1.158">
    <system-out><![CDATA[⚠️ Consola H2 ya está iniciada en puerto 8082
⚠️ Consola H2 ya está iniciada en puerto 8082
⚠️ Consola H2 ya está iniciada en puerto 8082
⚠️ Consola H2 ya está iniciada en puerto 8082
]]></system-out>
  </testcase>
  <testcase name="testUsuariosBloqueados" classname="com.greenet.service.UsuarioServiceTest" time="0.424">
    <system-out><![CDATA[⚠️ Consola H2 ya está iniciada en puerto 8082
]]></system-out>
  </testcase>
  <testcase name="testTryCatchCoverage" classname="com.greenet.service.UsuarioServiceTest" time="3.607">
    <system-out><![CDATA[⚠️ Consola H2 ya está iniciada en puerto 8082
⚠️ Consola H2 ya está iniciada en puerto 8082
⚠️ Consola H2 ya está iniciada en puerto 8082
⚠️ Consola H2 ya está iniciada en puerto 8082
⚠️ Consola H2 ya está iniciada en puerto 8082
⚠️ Consola H2 ya está iniciada en puerto 8082
⚠️ Consola H2 ya está iniciada en puerto 8082
⚠️ Consola H2 ya está iniciada en puerto 8082
⚠️ Consola H2 ya está iniciada en puerto 8082
]]></system-out>
  </testcase>
  <testcase name="testEmailRegexInvalidos" classname="com.greenet.service.UsuarioServiceTest" time="0.001"/>
  <testcase name="testBloquearUsuario_IdInvalido" classname="com.greenet.service.UsuarioServiceTest" time="0.405">
    <system-out><![CDATA[⚠️ Consola H2 ya está iniciada en puerto 8082
]]></system-out>
  </testcase>
  <testcase name="testCoverageExtremo" classname="com.greenet.service.UsuarioServiceTest" time="6.417">
    <system-out><![CDATA[⚠️ Consola H2 ya está iniciada en puerto 8082
⚠️ Consola H2 ya está iniciada en puerto 8082
⚠️ Consola H2 ya está iniciada en puerto 8082
⚠️ Consola H2 ya está iniciada en puerto 8082
⚠️ Consola H2 ya está iniciada en puerto 8082
⚠️ Consola H2 ya está iniciada en puerto 8082
⚠️ Consola H2 ya está iniciada en puerto 8082
⚠️ Consola H2 ya está iniciada en puerto 8082
⚠️ Consola H2 ya está iniciada en puerto 8082
⚠️ Consola H2 ya está iniciada en puerto 8082
⚠️ Consola H2 ya está iniciada en puerto 8082
⚠️ Consola H2 ya está iniciada en puerto 8082
⚠️ Consola H2 ya está iniciada en puerto 8082
⚠️ Consola H2 ya está iniciada en puerto 8082
⚠️ Consola H2 ya está iniciada en puerto 8082
⚠️ Consola H2 ya está iniciada en puerto 8082
⚠️ Consola H2 ya está iniciada en puerto 8082
⚠️ Consola H2 ya está iniciada en puerto 8082
⚠️ Consola H2 ya está iniciada en puerto 8082
⚠️ Consola H2 ya está iniciada en puerto 8082
⚠️ Consola H2 ya está iniciada en puerto 8082
⚠️ Consola H2 ya está iniciada en puerto 8082
⚠️ Consola H2 ya está iniciada en puerto 8082
⚠️ Consola H2 ya está iniciada en puerto 8082
]]></system-out>
  </testcase>
  <testcase name="testRegistrarUsuario_CorreoInvalido" classname="com.greenet.service.UsuarioServiceTest" time="0.001"/>
  <testcase name="testBuscarId_CorreoNulo" classname="com.greenet.service.UsuarioServiceTest" time="0.264">
    <system-out><![CDATA[⚠️ Consola H2 ya está iniciada en puerto 8082
]]></system-out>
  </testcase>
  <testcase name="testRegistrarUsuario_DiferentesRoles" classname="com.greenet.service.UsuarioServiceTest" time="0.533">
    <system-out><![CDATA[⚠️ Consola H2 ya está iniciada en puerto 8082
⚠️ Consola H2 ya está iniciada en puerto 8082
]]></system-out>
  </testcase>
  <testcase name="testConsultarProductosDisponibles" classname="com.greenet.service.UsuarioServiceTest" time="0.26">
    <system-out><![CDATA[⚠️ Consola H2 ya está iniciada en puerto 8082
]]></system-out>
  </testcase>
  <testcase name="testActualizarCorreo_MismoCorreo" classname="com.greenet.service.UsuarioServiceTest" time="0.268">
    <system-out><![CDATA[⚠️ Consola H2 ya está iniciada en puerto 8082
]]></system-out>
  </testcase>
  <testcase name="testMapeoRolesInvalidos" classname="com.greenet.service.UsuarioServiceTest" time="0.001"/>
  <testcase name="testMultipleEjecuciones" classname="com.greenet.service.UsuarioServiceTest" time="1.079">
    <system-out><![CDATA[⚠️ Consola H2 ya está iniciada en puerto 8082
⚠️ Consola H2 ya está iniciada en puerto 8082
⚠️ Consola H2 ya está iniciada en puerto 8082
⚠️ Consola H2 ya está iniciada en puerto 8082
]]></system-out>
  </testcase>
  <testcase name="testCerrarSesion_IdValido" classname="com.greenet.service.UsuarioServiceTest" time="0.269">
    <system-out><![CDATA[⚠️ Consola H2 ya está iniciada en puerto 8082
]]></system-out>
  </testcase>
  <testcase name="testTodosLosMetodosConWhile" classname="com.greenet.service.UsuarioServiceTest" time="0.799">
    <system-out><![CDATA[⚠️ Consola H2 ya está iniciada en puerto 8082
⚠️ Consola H2 ya está iniciada en puerto 8082
⚠️ Consola H2 ya está iniciada en puerto 8082
]]></system-out>
  </testcase>
  <testcase name="testRegistrarUsuario_FechaValida" classname="com.greenet.service.UsuarioServiceTest" time="0.264">
    <system-out><![CDATA[⚠️ Consola H2 ya está iniciada en puerto 8082
]]></system-out>
  </testcase>
</testsuite>